\BOOKMARK [1][-]{section.1}{Begin \(script\)}{}% 1
\BOOKMARK [1][-]{section.2}{Model \(secci\363n\)}{}% 2
\BOOKMARK [2][-]{subsection.2.1}{ChromosomalRepresentation \(m\363dulo\)}{section.2}% 3
\BOOKMARK [3][-]{subsubsection.2.1.1}{BinaryRepresentation \(script\)}{subsection.2.1}% 4
\BOOKMARK [3][-]{subsubsection.2.1.2}{FloatPointRepresentation \(script\)}{subsection.2.1}% 5
\BOOKMARK [2][-]{subsection.2.2}{Community \(clase\)}{section.2}% 6
\BOOKMARK [3][-]{subsubsection.2.2.1}{Population \(clase\)}{subsection.2.2}% 7
\BOOKMARK [2][-]{subsection.2.3}{Fitness \(m\363dulo\)}{section.2}% 8
\BOOKMARK [3][-]{subsubsection.2.3.1}{LinearRankingFitness \(script\)}{subsection.2.3}% 9
\BOOKMARK [3][-]{subsubsection.2.3.2}{NonLinearRankingFitness \(script\)}{subsection.2.3}% 10
\BOOKMARK [3][-]{subsubsection.2.3.3}{ProportionalFitness \(script\)}{subsection.2.3}% 11
\BOOKMARK [2][-]{subsection.2.4}{Operator \(m\363dulo\)}{section.2}% 12
\BOOKMARK [3][-]{subsubsection.2.4.1}{Selection \(m\363dulo\)}{subsection.2.4}% 13
\BOOKMARK [3][-]{subsubsection.2.4.2}{Crossover \(m\363dulo\)}{subsection.2.4}% 14
\BOOKMARK [3][-]{subsubsection.2.4.3}{Mutation \(m\363dulo\)}{subsection.2.4}% 15
\BOOKMARK [2][-]{subsection.2.5}{SharingFunction \(m\363dulo\)}{section.2}% 16
\BOOKMARK [3][-]{subsubsection.2.5.1}{GenotypicSimilarity \(m\363dulo\)}{subsection.2.5}% 17
\BOOKMARK [3][-]{subsubsection.2.5.2}{PhenotypicSimilarity \(m\363dulo\)}{subsection.2.5}% 18
\BOOKMARK [2][-]{subsection.2.6}{MOEA \(m\363dulo\)}{section.2}% 19
\BOOKMARK [3][-]{subsubsection.2.6.1}{VEGA \(script\)}{subsection.2.6}% 20
\BOOKMARK [3][-]{subsubsection.2.6.2}{SPEAII \(script\)}{subsection.2.6}% 21
\BOOKMARK [3][-]{subsubsection.2.6.3}{MOGA \(script\)}{subsection.2.6}% 22
\BOOKMARK [3][-]{subsubsection.2.6.4}{NSGAII \(script\)}{subsection.2.6}% 23
\BOOKMARK [1][-]{section.3}{View \(secci\363n\)}{}% 24
\BOOKMARK [2][-]{subsection.3.1}{MainWindow \(clase\)}{section.3}% 25
\BOOKMARK [2][-]{subsection.3.2}{Main \(m\363dulo\)}{section.3}% 26
\BOOKMARK [3][-]{subsubsection.3.2.1}{Home \(m\363dulo\)}{subsection.3.2}% 27
\BOOKMARK [3][-]{subsubsection.3.2.2}{DecisionVariable \(m\363dulo\)}{subsection.3.2}% 28
\BOOKMARK [3][-]{subsubsection.3.2.3}{ObjectiveFunction \(m\363dulo\)}{subsection.3.2}% 29
\BOOKMARK [3][-]{subsubsection.3.2.4}{Population \(m\363dulo\)}{subsection.3.2}% 30
\BOOKMARK [3][-]{subsubsection.3.2.5}{GeneticOperator \(m\363dulo\)}{subsection.3.2}% 31
\BOOKMARK [3][-]{subsubsection.3.2.6}{MOEA \(m\363dulo\)}{subsection.3.2}% 32
\BOOKMARK [2][-]{subsection.3.3}{Additional \(m\363dulo\)}{section.3}% 33
\BOOKMARK [3][-]{subsubsection.3.3.1}{GenerationSignalToplevel \(clase\)}{subsection.3.3}% 34
\BOOKMARK [2][-]{subsection.3.4}{MenuInternalOption \(m\363dulo\)}{section.3}% 35
\BOOKMARK [3][-]{subsubsection.3.4.1}{MenuInternalOption \(clase\)}{subsection.3.4}% 36
\BOOKMARK [3][-]{subsubsection.3.4.2}{ResultsGrapher \(m\363dulo\)}{subsection.3.4}% 37
\BOOKMARK [1][-]{section.4}{Controller \(secci\363n\)}{}% 38
\BOOKMARK [2][-]{subsection.4.1}{Controller \(clase\)}{section.4}% 39
\BOOKMARK [2][-]{subsection.4.2}{XMLParser \(clase\)}{section.4}% 40
\BOOKMARK [2][-]{subsection.4.3}{Verifier \(clase\)}{section.4}% 41
