This is pdfTeX, Version 3.1415926-2.4-1.40.13 (TeX Live 2012/Debian) (format=pdflatex 2016.6.28)  5 JAN 2017 19:57
entering extended mode
 restricted \write18 enabled.
 %&-line parsing enabled.
**MOEASoftware.tex
(./MOEASoftware.tex
LaTeX2e <2011/06/27>
Babel <v3.8m> and hyphenation patterns for english, dumylang, nohyphenation, et
hiopic, farsi, arabic, pinyin, croatian, bulgarian, ukrainian, russian, slovak,
 czech, danish, dutch, usenglishmax, ukenglish, finnish, french, basque, ngerma
n, german, swissgerman, ngerman-x-2012-05-30, german-x-2012-05-30, monogreek, g
reek, ibycus, ancientgreek, hungarian, bengali, tamil, hindi, telugu, gujarati,
 sanskrit, malayalam, kannada, assamese, marathi, oriya, panjabi, italian, lati
n, latvian, lithuanian, mongolian, mongolianlmc, nynorsk, bokmal, indonesian, e
speranto, coptic, welsh, irish, interlingua, serbian, serbianc, slovenian, friu
lan, romansh, estonian, romanian, armenian, uppersorbian, turkish, afrikaans, i
celandic, kurmanji, polish, portuguese, galician, catalan, spanish, swedish, th
ai, loaded.
(./sphinxmanual.cls
Document Class: sphinxmanual 2009/06/02 Document class (Sphinx manual)
(/usr/share/texlive/texmf-dist/tex/latex/base/report.cls
Document Class: report 2007/10/19 v1.4h Standard LaTeX document class
(/usr/share/texlive/texmf-dist/tex/latex/base/size10.clo
File: size10.clo 2007/10/19 v1.4h Standard LaTeX file (size option)
)
\c@part=\count79
\c@chapter=\count80
\c@section=\count81
\c@subsection=\count82
\c@subsubsection=\count83
\c@paragraph=\count84
\c@subparagraph=\count85
\c@figure=\count86
\c@table=\count87
\abovecaptionskip=\skip41
\belowcaptionskip=\skip42
\bibindent=\dimen102
)) (./iftex.sty
Package: iftex 2013/04/04 v0.2 Provides if(tex) conditional for PDFTeX, XeTeX, 
and LuaTeX
)
(/usr/share/texlive/texmf-dist/tex/latex/base/inputenc.sty
Package: inputenc 2008/03/30 v1.1d Input encoding file
\inpenc@prehook=\toks14
\inpenc@posthook=\toks15

(/usr/share/texlive/texmf-dist/tex/latex/base/utf8.def
File: utf8.def 2008/04/05 v1.1m UTF-8 support for inputenc
Now handling font encoding OML ...
... no UTF-8 mapping file for font encoding OML
Now handling font encoding T1 ...
... processing UTF-8 mapping file for font encoding T1

(/usr/share/texlive/texmf-dist/tex/latex/base/t1enc.dfu
File: t1enc.dfu 2008/04/05 v1.1m UTF-8 support for inputenc
   defining Unicode char U+00A1 (decimal 161)
   defining Unicode char U+00A3 (decimal 163)
   defining Unicode char U+00AB (decimal 171)
   defining Unicode char U+00BB (decimal 187)
   defining Unicode char U+00BF (decimal 191)
   defining Unicode char U+00C0 (decimal 192)
   defining Unicode char U+00C1 (decimal 193)
   defining Unicode char U+00C2 (decimal 194)
   defining Unicode char U+00C3 (decimal 195)
   defining Unicode char U+00C4 (decimal 196)
   defining Unicode char U+00C5 (decimal 197)
   defining Unicode char U+00C6 (decimal 198)
   defining Unicode char U+00C7 (decimal 199)
   defining Unicode char U+00C8 (decimal 200)
   defining Unicode char U+00C9 (decimal 201)
   defining Unicode char U+00CA (decimal 202)
   defining Unicode char U+00CB (decimal 203)
   defining Unicode char U+00CC (decimal 204)
   defining Unicode char U+00CD (decimal 205)
   defining Unicode char U+00CE (decimal 206)
   defining Unicode char U+00CF (decimal 207)
   defining Unicode char U+00D0 (decimal 208)
   defining Unicode char U+00D1 (decimal 209)
   defining Unicode char U+00D2 (decimal 210)
   defining Unicode char U+00D3 (decimal 211)
   defining Unicode char U+00D4 (decimal 212)
   defining Unicode char U+00D5 (decimal 213)
   defining Unicode char U+00D6 (decimal 214)
   defining Unicode char U+00D8 (decimal 216)
   defining Unicode char U+00D9 (decimal 217)
   defining Unicode char U+00DA (decimal 218)
   defining Unicode char U+00DB (decimal 219)
   defining Unicode char U+00DC (decimal 220)
   defining Unicode char U+00DD (decimal 221)
   defining Unicode char U+00DE (decimal 222)
   defining Unicode char U+00DF (decimal 223)
   defining Unicode char U+00E0 (decimal 224)
   defining Unicode char U+00E1 (decimal 225)
   defining Unicode char U+00E2 (decimal 226)
   defining Unicode char U+00E3 (decimal 227)
   defining Unicode char U+00E4 (decimal 228)
   defining Unicode char U+00E5 (decimal 229)
   defining Unicode char U+00E6 (decimal 230)
   defining Unicode char U+00E7 (decimal 231)
   defining Unicode char U+00E8 (decimal 232)
   defining Unicode char U+00E9 (decimal 233)
   defining Unicode char U+00EA (decimal 234)
   defining Unicode char U+00EB (decimal 235)
   defining Unicode char U+00EC (decimal 236)
   defining Unicode char U+00ED (decimal 237)
   defining Unicode char U+00EE (decimal 238)
   defining Unicode char U+00EF (decimal 239)
   defining Unicode char U+00F0 (decimal 240)
   defining Unicode char U+00F1 (decimal 241)
   defining Unicode char U+00F2 (decimal 242)
   defining Unicode char U+00F3 (decimal 243)
   defining Unicode char U+00F4 (decimal 244)
   defining Unicode char U+00F5 (decimal 245)
   defining Unicode char U+00F6 (decimal 246)
   defining Unicode char U+00F8 (decimal 248)
   defining Unicode char U+00F9 (decimal 249)
   defining Unicode char U+00FA (decimal 250)
   defining Unicode char U+00FB (decimal 251)
   defining Unicode char U+00FC (decimal 252)
   defining Unicode char U+00FD (decimal 253)
   defining Unicode char U+00FE (decimal 254)
   defining Unicode char U+00FF (decimal 255)
   defining Unicode char U+0102 (decimal 258)
   defining Unicode char U+0103 (decimal 259)
   defining Unicode char U+0104 (decimal 260)
   defining Unicode char U+0105 (decimal 261)
   defining Unicode char U+0106 (decimal 262)
   defining Unicode char U+0107 (decimal 263)
   defining Unicode char U+010C (decimal 268)
   defining Unicode char U+010D (decimal 269)
   defining Unicode char U+010E (decimal 270)
   defining Unicode char U+010F (decimal 271)
   defining Unicode char U+0110 (decimal 272)
   defining Unicode char U+0111 (decimal 273)
   defining Unicode char U+0118 (decimal 280)
   defining Unicode char U+0119 (decimal 281)
   defining Unicode char U+011A (decimal 282)
   defining Unicode char U+011B (decimal 283)
   defining Unicode char U+011E (decimal 286)
   defining Unicode char U+011F (decimal 287)
   defining Unicode char U+0130 (decimal 304)
   defining Unicode char U+0131 (decimal 305)
   defining Unicode char U+0132 (decimal 306)
   defining Unicode char U+0133 (decimal 307)
   defining Unicode char U+0139 (decimal 313)
   defining Unicode char U+013A (decimal 314)
   defining Unicode char U+013D (decimal 317)
   defining Unicode char U+013E (decimal 318)
   defining Unicode char U+0141 (decimal 321)
   defining Unicode char U+0142 (decimal 322)
   defining Unicode char U+0143 (decimal 323)
   defining Unicode char U+0144 (decimal 324)
   defining Unicode char U+0147 (decimal 327)
   defining Unicode char U+0148 (decimal 328)
   defining Unicode char U+014A (decimal 330)
   defining Unicode char U+014B (decimal 331)
   defining Unicode char U+0150 (decimal 336)
   defining Unicode char U+0151 (decimal 337)
   defining Unicode char U+0152 (decimal 338)
   defining Unicode char U+0153 (decimal 339)
   defining Unicode char U+0154 (decimal 340)
   defining Unicode char U+0155 (decimal 341)
   defining Unicode char U+0158 (decimal 344)
   defining Unicode char U+0159 (decimal 345)
   defining Unicode char U+015A (decimal 346)
   defining Unicode char U+015B (decimal 347)
   defining Unicode char U+015E (decimal 350)
   defining Unicode char U+015F (decimal 351)
   defining Unicode char U+0160 (decimal 352)
   defining Unicode char U+0161 (decimal 353)
   defining Unicode char U+0162 (decimal 354)
   defining Unicode char U+0163 (decimal 355)
   defining Unicode char U+0164 (decimal 356)
   defining Unicode char U+0165 (decimal 357)
   defining Unicode char U+016E (decimal 366)
   defining Unicode char U+016F (decimal 367)
   defining Unicode char U+0170 (decimal 368)
   defining Unicode char U+0171 (decimal 369)
   defining Unicode char U+0178 (decimal 376)
   defining Unicode char U+0179 (decimal 377)
   defining Unicode char U+017A (decimal 378)
   defining Unicode char U+017B (decimal 379)
   defining Unicode char U+017C (decimal 380)
   defining Unicode char U+017D (decimal 381)
   defining Unicode char U+017E (decimal 382)
   defining Unicode char U+200C (decimal 8204)
   defining Unicode char U+2013 (decimal 8211)
   defining Unicode char U+2014 (decimal 8212)
   defining Unicode char U+2018 (decimal 8216)
   defining Unicode char U+2019 (decimal 8217)
   defining Unicode char U+201A (decimal 8218)
   defining Unicode char U+201C (decimal 8220)
   defining Unicode char U+201D (decimal 8221)
   defining Unicode char U+201E (decimal 8222)
   defining Unicode char U+2030 (decimal 8240)
   defining Unicode char U+2031 (decimal 8241)
   defining Unicode char U+2039 (decimal 8249)
   defining Unicode char U+203A (decimal 8250)
   defining Unicode char U+2423 (decimal 9251)
)
Now handling font encoding OT1 ...
... processing UTF-8 mapping file for font encoding OT1

(/usr/share/texlive/texmf-dist/tex/latex/base/ot1enc.dfu
File: ot1enc.dfu 2008/04/05 v1.1m UTF-8 support for inputenc
   defining Unicode char U+00A1 (decimal 161)
   defining Unicode char U+00A3 (decimal 163)
   defining Unicode char U+00B8 (decimal 184)
   defining Unicode char U+00BF (decimal 191)
   defining Unicode char U+00C5 (decimal 197)
   defining Unicode char U+00C6 (decimal 198)
   defining Unicode char U+00D8 (decimal 216)
   defining Unicode char U+00DF (decimal 223)
   defining Unicode char U+00E6 (decimal 230)
   defining Unicode char U+00EC (decimal 236)
   defining Unicode char U+00ED (decimal 237)
   defining Unicode char U+00EE (decimal 238)
   defining Unicode char U+00EF (decimal 239)
   defining Unicode char U+00F8 (decimal 248)
   defining Unicode char U+0131 (decimal 305)
   defining Unicode char U+0141 (decimal 321)
   defining Unicode char U+0142 (decimal 322)
   defining Unicode char U+0152 (decimal 338)
   defining Unicode char U+0153 (decimal 339)
   defining Unicode char U+2013 (decimal 8211)
   defining Unicode char U+2014 (decimal 8212)
   defining Unicode char U+2018 (decimal 8216)
   defining Unicode char U+2019 (decimal 8217)
   defining Unicode char U+201C (decimal 8220)
   defining Unicode char U+201D (decimal 8221)
)
Now handling font encoding OMS ...
... processing UTF-8 mapping file for font encoding OMS

(/usr/share/texlive/texmf-dist/tex/latex/base/omsenc.dfu
File: omsenc.dfu 2008/04/05 v1.1m UTF-8 support for inputenc
   defining Unicode char U+00A7 (decimal 167)
   defining Unicode char U+00B6 (decimal 182)
   defining Unicode char U+00B7 (decimal 183)
   defining Unicode char U+2020 (decimal 8224)
   defining Unicode char U+2021 (decimal 8225)
   defining Unicode char U+2022 (decimal 8226)
)
Now handling font encoding OMX ...
... no UTF-8 mapping file for font encoding OMX
Now handling font encoding U ...
... no UTF-8 mapping file for font encoding U
   defining Unicode char U+00A9 (decimal 169)
   defining Unicode char U+00AA (decimal 170)
   defining Unicode char U+00AE (decimal 174)
   defining Unicode char U+00BA (decimal 186)
   defining Unicode char U+02C6 (decimal 710)
   defining Unicode char U+02DC (decimal 732)
   defining Unicode char U+200C (decimal 8204)
   defining Unicode char U+2026 (decimal 8230)
   defining Unicode char U+2122 (decimal 8482)
   defining Unicode char U+2423 (decimal 9251)
))
   defining Unicode char U+00A0 (decimal 160)

(/usr/share/texlive/texmf-dist/tex/latex/cmap/cmap.sty
Package: cmap 2008/03/06 v1.0h CMap support: searchable PDF
)
(/usr/share/texlive/texmf-dist/tex/latex/base/fontenc.sty
Package: fontenc 2005/09/27 v1.99g Standard LaTeX package

(/usr/share/texlive/texmf-dist/tex/latex/base/t1enc.def
File: t1enc.def 2005/09/27 v1.99g Standard LaTeX file
LaTeX Font Info:    Redeclaring font encoding T1 on input line 43.
)<<t1.cmap>>)
(/usr/share/texlive/texmf-dist/tex/latex/amsmath/amsmath.sty
Package: amsmath 2000/07/18 v2.13 AMS math features
\@mathmargin=\skip43

For additional information on amsmath, use the `?' option.
(/usr/share/texlive/texmf-dist/tex/latex/amsmath/amstext.sty
Package: amstext 2000/06/29 v2.01

(/usr/share/texlive/texmf-dist/tex/latex/amsmath/amsgen.sty
File: amsgen.sty 1999/11/30 v2.0
\@emptytoks=\toks16
\ex@=\dimen103
))
(/usr/share/texlive/texmf-dist/tex/latex/amsmath/amsbsy.sty
Package: amsbsy 1999/11/29 v1.2d
\pmbraise@=\dimen104
)
(/usr/share/texlive/texmf-dist/tex/latex/amsmath/amsopn.sty
Package: amsopn 1999/12/14 v2.01 operator names
)
\inf@bad=\count88
LaTeX Info: Redefining \frac on input line 211.
\uproot@=\count89
\leftroot@=\count90
LaTeX Info: Redefining \overline on input line 307.
\classnum@=\count91
\DOTSCASE@=\count92
LaTeX Info: Redefining \ldots on input line 379.
LaTeX Info: Redefining \dots on input line 382.
LaTeX Info: Redefining \cdots on input line 467.
\Mathstrutbox@=\box26
\strutbox@=\box27
\big@size=\dimen105
LaTeX Font Info:    Redeclaring font encoding OML on input line 567.
LaTeX Font Info:    Redeclaring font encoding OMS on input line 568.
\macc@depth=\count93
\c@MaxMatrixCols=\count94
\dotsspace@=\muskip10
\c@parentequation=\count95
\dspbrk@lvl=\count96
\tag@help=\toks17
\row@=\count97
\column@=\count98
\maxfields@=\count99
\andhelp@=\toks18
\eqnshift@=\dimen106
\alignsep@=\dimen107
\tagshift@=\dimen108
\tagwidth@=\dimen109
\totwidth@=\dimen110
\lineht@=\dimen111
\@envbody=\toks19
\multlinegap=\skip44
\multlinetaggap=\skip45
\mathdisplay@stack=\toks20
LaTeX Info: Redefining \[ on input line 2666.
LaTeX Info: Redefining \] on input line 2667.
)
(/usr/share/texlive/texmf-dist/tex/latex/amsfonts/amssymb.sty
Package: amssymb 2009/06/22 v3.00

(/usr/share/texlive/texmf-dist/tex/latex/amsfonts/amsfonts.sty
Package: amsfonts 2009/06/22 v3.00 Basic AMSFonts support
\symAMSa=\mathgroup4
\symAMSb=\mathgroup5
LaTeX Font Info:    Overwriting math alphabet `\mathfrak' in version `bold'
(Font)                  U/euf/m/n --> U/euf/b/n on input line 96.
))
(/var/lib/texmf/tex/generic/babel/babel.sty
Package: babel 2008/07/08 v3.8m The Babel package

(/usr/share/texlive/texmf-dist/tex/generic/babel/english.ldf
Language: english 2005/03/30 v3.3o English support from the babel system

(/usr/share/texlive/texmf-dist/tex/generic/babel/babel.def
File: babel.def 2008/07/08 v3.8m Babel common definitions
\babel@savecnt=\count100
\U@D=\dimen112
)
\l@canadian = a dialect from \language\l@american 
\l@australian = a dialect from \language\l@british 
\l@newzealand = a dialect from \language\l@british 
))
(/usr/share/texlive/texmf-dist/tex/latex/psnfss/times.sty
Package: times 2005/04/12 PSNFSS-v9.2a (SPQR) 
) (./fncychap.sty
Package: fncychap 2007/07/30 v1.34 LaTeX package (Revised chapters)
\RW=\skip46
\mylen=\skip47
\myhi=\skip48
\px=\skip49
\py=\skip50
\pyy=\skip51
\pxx=\skip52
)
(/usr/share/texlive/texmf-dist/tex/latex/tools/longtable.sty
Package: longtable 2004/02/01 v4.11 Multi-page Table package (DPC)
\LTleft=\skip53
\LTright=\skip54
\LTpre=\skip55
\LTpost=\skip56
\LTchunksize=\count101
\LTcapwidth=\dimen113
\LT@head=\box28
\LT@firsthead=\box29
\LT@foot=\box30
\LT@lastfoot=\box31
\LT@cols=\count102
\LT@rows=\count103
\c@LT@tables=\count104
\c@LT@chunks=\count105
\LT@p@ftn=\toks21
) (./sphinx.sty
Package: sphinx 2010/01/15 LaTeX package (Sphinx markup)

(/usr/share/texlive/texmf-dist/tex/latex/fancyhdr/fancyhdr.sty
\fancy@headwidth=\skip57
\f@ncyO@elh=\skip58
\f@ncyO@erh=\skip59
\f@ncyO@olh=\skip60
\f@ncyO@orh=\skip61
\f@ncyO@elf=\skip62
\f@ncyO@erf=\skip63
\f@ncyO@olf=\skip64
\f@ncyO@orf=\skip65
)
(/usr/share/texlive/texmf-dist/tex/latex/base/textcomp.sty
Package: textcomp 2005/09/27 v1.99g Standard LaTeX package
Package textcomp Info: Sub-encoding information:
(textcomp)               5 = only ISO-Adobe without \textcurrency
(textcomp)               4 = 5 + \texteuro
(textcomp)               3 = 4 + \textohm
(textcomp)               2 = 3 + \textestimated + \textcurrency
(textcomp)               1 = TS1 - \textcircled - \t
(textcomp)               0 = TS1 (full)
(textcomp)             Font families with sub-encoding setting implement
(textcomp)             only a restricted character set as indicated.
(textcomp)             Family '?' is the default used for unknown fonts.
(textcomp)             See the documentation for details.
Package textcomp Info: Setting ? sub-encoding to TS1/1 on input line 71.

(/usr/share/texlive/texmf-dist/tex/latex/base/ts1enc.def
File: ts1enc.def 2001/06/05 v3.0e (jk/car/fm) Standard LaTeX file
Now handling font encoding TS1 ...
... processing UTF-8 mapping file for font encoding TS1

(/usr/share/texlive/texmf-dist/tex/latex/base/ts1enc.dfu
File: ts1enc.dfu 2008/04/05 v1.1m UTF-8 support for inputenc
   defining Unicode char U+00A2 (decimal 162)
   defining Unicode char U+00A3 (decimal 163)
   defining Unicode char U+00A4 (decimal 164)
   defining Unicode char U+00A5 (decimal 165)
   defining Unicode char U+00A6 (decimal 166)
   defining Unicode char U+00A7 (decimal 167)
   defining Unicode char U+00A8 (decimal 168)
   defining Unicode char U+00A9 (decimal 169)
   defining Unicode char U+00AA (decimal 170)
   defining Unicode char U+00AC (decimal 172)
   defining Unicode char U+00AE (decimal 174)
   defining Unicode char U+00AF (decimal 175)
   defining Unicode char U+00B0 (decimal 176)
   defining Unicode char U+00B1 (decimal 177)
   defining Unicode char U+00B2 (decimal 178)
   defining Unicode char U+00B3 (decimal 179)
   defining Unicode char U+00B4 (decimal 180)
   defining Unicode char U+00B5 (decimal 181)
   defining Unicode char U+00B6 (decimal 182)
   defining Unicode char U+00B7 (decimal 183)
   defining Unicode char U+00B9 (decimal 185)
   defining Unicode char U+00BA (decimal 186)
   defining Unicode char U+00BC (decimal 188)
   defining Unicode char U+00BD (decimal 189)
   defining Unicode char U+00BE (decimal 190)
   defining Unicode char U+00D7 (decimal 215)
   defining Unicode char U+00F7 (decimal 247)
   defining Unicode char U+0192 (decimal 402)
   defining Unicode char U+02C7 (decimal 711)
   defining Unicode char U+02D8 (decimal 728)
   defining Unicode char U+02DD (decimal 733)
   defining Unicode char U+0E3F (decimal 3647)
   defining Unicode char U+2016 (decimal 8214)
   defining Unicode char U+2020 (decimal 8224)
   defining Unicode char U+2021 (decimal 8225)
   defining Unicode char U+2022 (decimal 8226)
   defining Unicode char U+2030 (decimal 8240)
   defining Unicode char U+2031 (decimal 8241)
   defining Unicode char U+203B (decimal 8251)
   defining Unicode char U+203D (decimal 8253)
   defining Unicode char U+2044 (decimal 8260)
   defining Unicode char U+204E (decimal 8270)
   defining Unicode char U+2052 (decimal 8274)
   defining Unicode char U+20A1 (decimal 8353)
   defining Unicode char U+20A4 (decimal 8356)
   defining Unicode char U+20A6 (decimal 8358)
   defining Unicode char U+20A9 (decimal 8361)
   defining Unicode char U+20AB (decimal 8363)
   defining Unicode char U+20AC (decimal 8364)
   defining Unicode char U+20B1 (decimal 8369)
   defining Unicode char U+2103 (decimal 8451)
   defining Unicode char U+2116 (decimal 8470)
   defining Unicode char U+2117 (decimal 8471)
   defining Unicode char U+211E (decimal 8478)
   defining Unicode char U+2120 (decimal 8480)
   defining Unicode char U+2122 (decimal 8482)
   defining Unicode char U+2126 (decimal 8486)
   defining Unicode char U+2127 (decimal 8487)
   defining Unicode char U+212E (decimal 8494)
   defining Unicode char U+2190 (decimal 8592)
   defining Unicode char U+2191 (decimal 8593)
   defining Unicode char U+2192 (decimal 8594)
   defining Unicode char U+2193 (decimal 8595)
   defining Unicode char U+2329 (decimal 9001)
   defining Unicode char U+232A (decimal 9002)
   defining Unicode char U+2422 (decimal 9250)
   defining Unicode char U+25E6 (decimal 9702)
   defining Unicode char U+25EF (decimal 9711)
   defining Unicode char U+266A (decimal 9834)
))
LaTeX Info: Redefining \oldstylenums on input line 266.
Package textcomp Info: Setting cmr sub-encoding to TS1/0 on input line 281.
Package textcomp Info: Setting cmss sub-encoding to TS1/0 on input line 282.
Package textcomp Info: Setting cmtt sub-encoding to TS1/0 on input line 283.
Package textcomp Info: Setting cmvtt sub-encoding to TS1/0 on input line 284.
Package textcomp Info: Setting cmbr sub-encoding to TS1/0 on input line 285.
Package textcomp Info: Setting cmtl sub-encoding to TS1/0 on input line 286.
Package textcomp Info: Setting ccr sub-encoding to TS1/0 on input line 287.
Package textcomp Info: Setting ptm sub-encoding to TS1/4 on input line 288.
Package textcomp Info: Setting pcr sub-encoding to TS1/4 on input line 289.
Package textcomp Info: Setting phv sub-encoding to TS1/4 on input line 290.
Package textcomp Info: Setting ppl sub-encoding to TS1/3 on input line 291.
Package textcomp Info: Setting pag sub-encoding to TS1/4 on input line 292.
Package textcomp Info: Setting pbk sub-encoding to TS1/4 on input line 293.
Package textcomp Info: Setting pnc sub-encoding to TS1/4 on input line 294.
Package textcomp Info: Setting pzc sub-encoding to TS1/4 on input line 295.
Package textcomp Info: Setting bch sub-encoding to TS1/4 on input line 296.
Package textcomp Info: Setting put sub-encoding to TS1/5 on input line 297.
Package textcomp Info: Setting uag sub-encoding to TS1/5 on input line 298.
Package textcomp Info: Setting ugq sub-encoding to TS1/5 on input line 299.
Package textcomp Info: Setting ul8 sub-encoding to TS1/4 on input line 300.
Package textcomp Info: Setting ul9 sub-encoding to TS1/4 on input line 301.
Package textcomp Info: Setting augie sub-encoding to TS1/5 on input line 302.
Package textcomp Info: Setting dayrom sub-encoding to TS1/3 on input line 303.
Package textcomp Info: Setting dayroms sub-encoding to TS1/3 on input line 304.

Package textcomp Info: Setting pxr sub-encoding to TS1/0 on input line 305.
Package textcomp Info: Setting pxss sub-encoding to TS1/0 on input line 306.
Package textcomp Info: Setting pxtt sub-encoding to TS1/0 on input line 307.
Package textcomp Info: Setting txr sub-encoding to TS1/0 on input line 308.
Package textcomp Info: Setting txss sub-encoding to TS1/0 on input line 309.
Package textcomp Info: Setting txtt sub-encoding to TS1/0 on input line 310.
Package textcomp Info: Setting lmr sub-encoding to TS1/0 on input line 311.
Package textcomp Info: Setting lmdh sub-encoding to TS1/0 on input line 312.
Package textcomp Info: Setting lmss sub-encoding to TS1/0 on input line 313.
Package textcomp Info: Setting lmssq sub-encoding to TS1/0 on input line 314.
Package textcomp Info: Setting lmvtt sub-encoding to TS1/0 on input line 315.
Package textcomp Info: Setting qhv sub-encoding to TS1/0 on input line 316.
Package textcomp Info: Setting qag sub-encoding to TS1/0 on input line 317.
Package textcomp Info: Setting qbk sub-encoding to TS1/0 on input line 318.
Package textcomp Info: Setting qcr sub-encoding to TS1/0 on input line 319.
Package textcomp Info: Setting qcs sub-encoding to TS1/0 on input line 320.
Package textcomp Info: Setting qpl sub-encoding to TS1/0 on input line 321.
Package textcomp Info: Setting qtm sub-encoding to TS1/0 on input line 322.
Package textcomp Info: Setting qzc sub-encoding to TS1/0 on input line 323.
Package textcomp Info: Setting qhvc sub-encoding to TS1/0 on input line 324.
Package textcomp Info: Setting futs sub-encoding to TS1/4 on input line 325.
Package textcomp Info: Setting futx sub-encoding to TS1/4 on input line 326.
Package textcomp Info: Setting futj sub-encoding to TS1/4 on input line 327.
Package textcomp Info: Setting hlh sub-encoding to TS1/3 on input line 328.
Package textcomp Info: Setting hls sub-encoding to TS1/3 on input line 329.
Package textcomp Info: Setting hlst sub-encoding to TS1/3 on input line 330.
Package textcomp Info: Setting hlct sub-encoding to TS1/5 on input line 331.
Package textcomp Info: Setting hlx sub-encoding to TS1/5 on input line 332.
Package textcomp Info: Setting hlce sub-encoding to TS1/5 on input line 333.
Package textcomp Info: Setting hlcn sub-encoding to TS1/5 on input line 334.
Package textcomp Info: Setting hlcw sub-encoding to TS1/5 on input line 335.
Package textcomp Info: Setting hlcf sub-encoding to TS1/5 on input line 336.
Package textcomp Info: Setting pplx sub-encoding to TS1/3 on input line 337.
Package textcomp Info: Setting pplj sub-encoding to TS1/3 on input line 338.
Package textcomp Info: Setting ptmx sub-encoding to TS1/4 on input line 339.
Package textcomp Info: Setting ptmj sub-encoding to TS1/4 on input line 340.
)
(/usr/share/texlive/texmf-dist/tex/latex/fancybox/fancybox.sty
Package: fancybox 2010/05/15 1.4

Style option: `fancybox' v1.4 <2010/05/15> (tvz)
\@fancybox=\box32
\shadowsize=\dimen114
\@Sbox=\box33
\do@VerbBox=\toks22
\the@fancyput=\toks23
\this@fancyput=\toks24
\EndVerbatimTokens=\toks25
\Verbatim@Outfile=\write3
\Verbatim@Infile=\read1
) (/usr/share/texlive/texmf-dist/tex/latex/titlesec/titlesec.sty
Package: titlesec 2011/12/15 v2.10.0 Sectioning titles
\ttl@box=\box34
\beforetitleunit=\skip66
\aftertitleunit=\skip67
\ttl@plus=\dimen115
\ttl@minus=\dimen116
\ttl@toksa=\toks26
\titlewidth=\dimen117
\titlewidthlast=\dimen118
\titlewidthfirst=\dimen119
)
(./tabulary.sty
Package: tabulary 2008/12/01 v0.9 tabulary package (DPC)
 (/usr/share/texlive/texmf-dist/tex/latex/tools/array.sty
Package: array 2008/09/09 v2.4c Tabular extension package (FMi)
\col@sep=\dimen120
\extrarowheight=\dimen121
\NC@list=\toks27
\extratabsurround=\skip68
\backup@length=\skip69
)
\TY@count=\count106
\TY@linewidth=\dimen122
\tymin=\dimen123
\tymax=\dimen124
\TY@tablewidth=\dimen125
)
(/usr/share/texlive/texmf-dist/tex/latex/base/makeidx.sty
Package: makeidx 2000/03/29 v1.0m Standard LaTeX package
)
(/usr/share/texlive/texmf-dist/tex/latex/framed/framed.sty
Package: framed 2011/10/22 v 0.96: framed or shaded text with page breaks
\OuterFrameSep=\skip70
\fb@frw=\dimen126
\fb@frh=\dimen127
\FrameRule=\dimen128
\FrameSep=\dimen129
)
(/usr/share/texlive/texmf-dist/tex/latex/base/ifthen.sty
Package: ifthen 2001/05/26 v1.1c Standard LaTeX ifthen package (DPC)
)
(/usr/share/texmf/tex/latex/xcolor/xcolor.sty
Package: xcolor 2007/01/21 v2.11 LaTeX color extensions (UK)

(/usr/share/texlive/texmf-dist/tex/latex/latexconfig/color.cfg
File: color.cfg 2007/01/18 v1.5 color configuration of teTeX/TeXLive
)
Package xcolor Info: Driver file: pdftex.def on input line 225.

(/usr/share/texlive/texmf-dist/tex/latex/pdftex-def/pdftex.def
File: pdftex.def 2011/05/27 v0.06d Graphics/color for pdfTeX

(/usr/share/texlive/texmf-dist/tex/generic/oberdiek/infwarerr.sty
Package: infwarerr 2010/04/08 v1.3 Providing info/warning/error messages (HO)
)
(/usr/share/texlive/texmf-dist/tex/generic/oberdiek/ltxcmds.sty
Package: ltxcmds 2011/11/09 v1.22 LaTeX kernel commands for general use (HO)
)
\Gread@gobject=\count107
)
Package xcolor Info: Model `cmy' substituted by `cmy0' on input line 1337.
Package xcolor Info: Model `hsb' substituted by `rgb' on input line 1341.
Package xcolor Info: Model `RGB' extended on input line 1353.
Package xcolor Info: Model `HTML' substituted by `rgb' on input line 1355.
Package xcolor Info: Model `Hsb' substituted by `hsb' on input line 1356.
Package xcolor Info: Model `tHsb' substituted by `hsb' on input line 1357.
Package xcolor Info: Model `HSB' substituted by `hsb' on input line 1358.
Package xcolor Info: Model `Gray' substituted by `gray' on input line 1359.
Package xcolor Info: Model `wave' substituted by `hsb' on input line 1360.
)
(/usr/share/texlive/texmf-dist/tex/latex/fancyvrb/fancyvrb.sty
Package: fancyvrb 2008/02/07

Style option: `fancyvrb' v2.7a, with DG/SPQR fixes, and firstline=lastline fix 
<2008/02/07> (tvz) (/usr/share/texlive/texmf-dist/tex/latex/graphics/keyval.sty
Package: keyval 1999/03/16 v1.13 key=value parser (DPC)
\KV@toks@=\toks28
)
\FV@CodeLineNo=\count108
\FV@InFile=\read2
\FV@TabBox=\box35
\c@FancyVerbLine=\count109
\FV@StepNumber=\count110
\FV@OutFile=\write4
) (/usr/share/texlive/texmf-dist/tex/latex/threeparttable/threeparttable.sty
Package: threeparttable 2003/06/13  v 3.0
\@tempboxb=\box36
)
(/usr/share/texlive/texmf-dist/tex/latex/mdwtools/footnote.sty
Package: footnote 1997/01/28 1.13 Save footnotes around boxes
\fn@notes=\box37
\fn@width=\dimen130
)
(/usr/share/texlive/texmf-dist/tex/latex/wrapfig/wrapfig.sty
\wrapoverhang=\dimen131
\WF@size=\dimen132
\c@WF@wrappedlines=\count111
\WF@box=\box38
\WF@everypar=\toks29
Package: wrapfig 2003/01/31  v 3.6
)
(/usr/share/texlive/texmf-dist/tex/latex/parskip/parskip.sty
Package: parskip 2001/04/09 non-zero parskip adjustments
)
(/usr/share/texlive/texmf-dist/tex/latex/base/alltt.sty
Package: alltt 1997/06/16 v2.0g defines alltt environment
)
(/usr/share/texlive/texmf-dist/tex/latex/upquote/upquote.sty
Package: upquote 2012/04/19 v1.3 upright-quote and grave-accent glyphs in verba
tim
)
(/usr/share/texlive/texmf-dist/tex/latex/float/float.sty
Package: float 2001/11/08 v1.3d Float enhancements (AL)
\c@float@type=\count112
\float@exts=\toks30
\float@box=\box39
\@float@everytoks=\toks31
\@floatcapt=\box40
)
(/usr/share/texlive/texmf-dist/tex/latex/graphics/graphicx.sty
Package: graphicx 1999/02/16 v1.0f Enhanced LaTeX Graphics (DPC,SPQR)

(/usr/share/texlive/texmf-dist/tex/latex/graphics/graphics.sty
Package: graphics 2009/02/05 v1.0o Standard LaTeX Graphics (DPC,SPQR)

(/usr/share/texlive/texmf-dist/tex/latex/graphics/trig.sty
Package: trig 1999/03/16 v1.09 sin cos tan (DPC)
)
(/usr/share/texlive/texmf-dist/tex/latex/latexconfig/graphics.cfg
File: graphics.cfg 2010/04/23 v1.9 graphics configuration of TeX Live
)
Package graphics Info: Driver file: pdftex.def on input line 91.
)
\Gin@req@height=\dimen133
\Gin@req@width=\dimen134
)
(/usr/share/texlive/texmf-dist/tex/plain/misc/pdfcolor.tex)
\sphinxcontinuationbox=\box41
\sphinxvisiblespacebox=\box42
\sphinxshadowsep=\skip71
\sphinxshadowsize=\skip72
\sphinxshadowrule=\skip73
\py@argswidth=\skip74
\lineblockindentation=\skip75
\spx@image@box=\box43

(/usr/share/texlive/texmf-dist/tex/latex/hyperref/hyperref.sty
Package: hyperref 2012/05/13 v6.82q Hypertext links for LaTeX

(/usr/share/texlive/texmf-dist/tex/generic/oberdiek/hobsub-hyperref.sty
Package: hobsub-hyperref 2012/05/28 v1.13 Bundle oberdiek, subset hyperref (HO)


(/usr/share/texlive/texmf-dist/tex/generic/oberdiek/hobsub-generic.sty
Package: hobsub-generic 2012/05/28 v1.13 Bundle oberdiek, subset generic (HO)
Package: hobsub 2012/05/28 v1.13 Construct package bundles (HO)
Package hobsub Info: Skipping package `infwarerr' (already loaded).
Package hobsub Info: Skipping package `ltxcmds' (already loaded).
Package: ifluatex 2010/03/01 v1.3 Provides the ifluatex switch (HO)
Package ifluatex Info: LuaTeX not detected.
Package: ifvtex 2010/03/01 v1.5 Detect VTeX and its facilities (HO)
Package ifvtex Info: VTeX not detected.
Package: intcalc 2007/09/27 v1.1 Expandable calculations with integers (HO)
Package: ifpdf 2011/01/30 v2.3 Provides the ifpdf switch (HO)
Package ifpdf Info: pdfTeX in PDF mode is detected.
Package: etexcmds 2011/02/16 v1.5 Avoid name clashes with e-TeX commands (HO)
Package etexcmds Info: Could not find \expanded.
(etexcmds)             That can mean that you are not using pdfTeX 1.50 or
(etexcmds)             that some package has redefined \expanded.
(etexcmds)             In the latter case, load this package earlier.
Package: kvsetkeys 2012/04/25 v1.16 Key value parser (HO)
Package: kvdefinekeys 2011/04/07 v1.3 Define keys (HO)
Package: pdftexcmds 2011/11/29 v0.20 Utility functions of pdfTeX for LuaTeX (HO
)
Package pdftexcmds Info: LuaTeX not detected.
Package pdftexcmds Info: \pdf@primitive is available.
Package pdftexcmds Info: \pdf@ifprimitive is available.
Package pdftexcmds Info: \pdfdraftmode found.
Package: pdfescape 2011/11/25 v1.13 Implements pdfTeX's escape features (HO)
Package: bigintcalc 2012/04/08 v1.3 Expandable calculations on big integers (HO
)
Package: bitset 2011/01/30 v1.1 Handle bit-vector datatype (HO)
Package: uniquecounter 2011/01/30 v1.2 Provide unlimited unique counter (HO)
)
Package hobsub Info: Skipping package `hobsub' (already loaded).
Package: letltxmacro 2010/09/02 v1.4 Let assignment for LaTeX macros (HO)
Package: hopatch 2012/05/28 v1.2 Wrapper for package hooks (HO)
Package: xcolor-patch 2011/01/30 xcolor patch
Package: atveryend 2011/06/30 v1.8 Hooks at the very end of document (HO)
Package atveryend Info: \enddocument detected (standard20110627).
Package: atbegshi 2011/10/05 v1.16 At begin shipout hook (HO)
Package: refcount 2011/10/16 v3.4 Data extraction from label references (HO)
Package: hycolor 2011/01/30 v1.7 Color options for hyperref/bookmark (HO)
)
(/usr/share/texlive/texmf-dist/tex/generic/ifxetex/ifxetex.sty
Package: ifxetex 2010/09/12 v0.6 Provides ifxetex conditional
)
(/usr/share/texlive/texmf-dist/tex/latex/oberdiek/kvoptions.sty
Package: kvoptions 2011/06/30 v3.11 Key value format for package options (HO)
)
\@linkdim=\dimen135
\Hy@linkcounter=\count113
\Hy@pagecounter=\count114

(/usr/share/texlive/texmf-dist/tex/latex/hyperref/pd1enc.def
File: pd1enc.def 2012/05/13 v6.82q Hyperref: PDFDocEncoding definition (HO)
Now handling font encoding PD1 ...
... no UTF-8 mapping file for font encoding PD1
)
\Hy@SavedSpaceFactor=\count115

(/usr/share/texlive/texmf-dist/tex/latex/latexconfig/hyperref.cfg
File: hyperref.cfg 2002/06/06 v1.2 hyperref configuration of TeXLive
)
Package hyperref Info: Option `unicode' set `true' on input line 3941.

(/usr/share/texlive/texmf-dist/tex/latex/hyperref/puenc.def
File: puenc.def 2012/05/13 v6.82q Hyperref: PDF Unicode definition (HO)
Now handling font encoding PU ...
... no UTF-8 mapping file for font encoding PU
)
Package hyperref Info: Option `colorlinks' set `true' on input line 3941.
Package hyperref Info: Option `breaklinks' set `true' on input line 3941.
Package hyperref Info: Hyper figures OFF on input line 4062.
Package hyperref Info: Link nesting OFF on input line 4067.
Package hyperref Info: Hyper index ON on input line 4070.
Package hyperref Info: Plain pages OFF on input line 4077.
Package hyperref Info: Backreferencing OFF on input line 4082.
Package hyperref Info: Implicit mode ON; LaTeX internals redefined.
Package hyperref Info: Bookmarks ON on input line 4300.
\c@Hy@tempcnt=\count116

(/usr/share/texlive/texmf-dist/tex/latex/url/url.sty
\Urlmuskip=\muskip11
Package: url 2006/04/12  ver 3.3  Verb mode for urls, etc.
)
LaTeX Info: Redefining \url on input line 4653.
\Fld@menulength=\count117
\Field@Width=\dimen136
\Fld@charsize=\dimen137
Package hyperref Info: Hyper figures OFF on input line 5773.
Package hyperref Info: Link nesting OFF on input line 5778.
Package hyperref Info: Hyper index ON on input line 5781.
Package hyperref Info: backreferencing OFF on input line 5788.
Package hyperref Info: Link coloring ON on input line 5791.
Package hyperref Info: Link coloring with OCG OFF on input line 5798.
Package hyperref Info: PDF/A mode OFF on input line 5803.
LaTeX Info: Redefining \ref on input line 5843.
LaTeX Info: Redefining \pageref on input line 5847.
\Hy@abspage=\count118
\c@Item=\count119
\c@Hfootnote=\count120
)

Package hyperref Message: Driver (autodetected): hpdftex.

(/usr/share/texlive/texmf-dist/tex/latex/hyperref/hpdftex.def
File: hpdftex.def 2012/05/13 v6.82q Hyperref driver for pdfTeX
\Fld@listcount=\count121
\c@bookmark@seq@number=\count122

(/usr/share/texlive/texmf-dist/tex/latex/oberdiek/rerunfilecheck.sty
Package: rerunfilecheck 2011/04/15 v1.7 Rerun checks for auxiliary files (HO)
Package uniquecounter Info: New unique counter `rerunfilecheck' on input line 2
82.
)
\Hy@SectionHShift=\skip76
)
(/usr/share/texlive/texmf-dist/tex/latex/oberdiek/hypcap.sty
Package: hypcap 2011/02/16 v1.11 Adjusting the anchors of captions (HO)
)
\DUlineblockindent=\skip77
 (./newfloat.sty
Package: newfloat 2015/09/17 v1.1-109 Defining new floating environments (AR)
)
Package newfloat Info: New float `literal-block' with options `' on input line 
871.
\c@literal-block=\count123
Package newfloat Info: float type `literal-block'=4 on input line 871.

(/usr/share/texlive/texmf-dist/tex/latex/capt-of/capt-of.sty
Package: capt-of 2009/12/29 v0.2 standard captions outside of floats
) (./needspace.sty
Package: needspace 2010/09/12 v1.3d reserve vertical space
)
** (sphinx) defining (legacy) text style macros without \sphinx prefix
** if clashes with packages, set latex_keep_old_macro_names=False in conf.py
) (/usr/share/texlive/texmf-dist/tex/latex/multirow/multirow.sty
\bigstrutjot=\dimen138
)
(/usr/share/texlive/texmf-dist/tex/latex/eqparbox/eqparbox.sty
Package: eqparbox 2010/01/01 v3.1 Create equal-widthed boxes
\eqp@tempdima=\skip78
\eqp@tempdimb=\skip79
)
\@indexfile=\write5
\openout5 = `MOEASoftware.idx'.


Writing index file MOEASoftware.idx
(./MOEASoftware.aux)
\openout1 = `MOEASoftware.aux'.

LaTeX Font Info:    Checking defaults for OML/cmm/m/it on input line 140.
LaTeX Font Info:    ... okay on input line 140.
LaTeX Font Info:    Checking defaults for T1/cmr/m/n on input line 140.
LaTeX Font Info:    ... okay on input line 140.
LaTeX Font Info:    Checking defaults for OT1/cmr/m/n on input line 140.
LaTeX Font Info:    ... okay on input line 140.
LaTeX Font Info:    Checking defaults for OMS/cmsy/m/n on input line 140.
LaTeX Font Info:    ... okay on input line 140.
LaTeX Font Info:    Checking defaults for OMX/cmex/m/n on input line 140.
LaTeX Font Info:    ... okay on input line 140.
LaTeX Font Info:    Checking defaults for U/cmr/m/n on input line 140.
LaTeX Font Info:    ... okay on input line 140.
LaTeX Font Info:    Checking defaults for TS1/cmr/m/n on input line 140.
LaTeX Font Info:    Try loading font information for TS1+cmr on input line 140.

 (/usr/share/texlive/texmf-dist/tex/latex/base/ts1cmr.fd
File: ts1cmr.fd 1999/05/25 v2.5h Standard LaTeX font definitions
)
LaTeX Font Info:    ... okay on input line 140.
LaTeX Font Info:    Checking defaults for PD1/pdf/m/n on input line 140.
LaTeX Font Info:    ... okay on input line 140.
LaTeX Font Info:    Checking defaults for PU/pdf/m/n on input line 140.
LaTeX Font Info:    ... okay on input line 140.
LaTeX Font Info:    Try loading font information for T1+ptm on input line 140.

(/usr/share/texlive/texmf-dist/tex/latex/psnfss/t1ptm.fd
File: t1ptm.fd 2001/06/04 font definitions for T1/ptm.
)
(/usr/share/texlive/texmf-dist/tex/context/base/supp-pdf.mkii
[Loading MPS to PDF converter (version 2006.09.02).]
\scratchcounter=\count124
\scratchdimen=\dimen139
\scratchbox=\box44
\nofMPsegments=\count125
\nofMParguments=\count126
\everyMPshowfont=\toks32
\MPscratchCnt=\count127
\MPscratchDim=\dimen140
\MPnumerator=\count128
\makeMPintoPDFobject=\count129
\everyMPtoPDFconversion=\toks33
) (/usr/share/texlive/texmf-dist/tex/latex/oberdiek/epstopdf-base.sty
Package: epstopdf-base 2010/02/09 v2.5 Base part for package epstopdf

(/usr/share/texlive/texmf-dist/tex/latex/oberdiek/grfext.sty
Package: grfext 2010/08/19 v1.1 Manage graphics extensions (HO)
)
Package grfext Info: Graphics extension search list:
(grfext)             [.png,.pdf,.jpg,.mps,.jpeg,.jbig2,.jb2,.PNG,.PDF,.JPG,.JPE
G,.JBIG2,.JB2,.eps]
(grfext)             \AppendGraphicsExtensions on input line 452.

(/usr/share/texlive/texmf-dist/tex/latex/latexconfig/epstopdf-sys.cfg
File: epstopdf-sys.cfg 2010/07/13 v1.3 Configuration of (r)epstopdf for TeX Liv
e
))
\AtBeginShipoutBox=\box45
Package hyperref Info: Link coloring ON on input line 140.

(/usr/share/texlive/texmf-dist/tex/latex/hyperref/nameref.sty
Package: nameref 2010/04/30 v2.40 Cross-referencing by name of section

(/usr/share/texlive/texmf-dist/tex/generic/oberdiek/gettitlestring.sty
Package: gettitlestring 2010/12/03 v1.4 Cleanup title references (HO)
)
\c@section@level=\count130
)
LaTeX Info: Redefining \ref on input line 140.
LaTeX Info: Redefining \pageref on input line 140.
LaTeX Info: Redefining \nameref on input line 140.

(./MOEASoftware.out) (./MOEASoftware.out)
\@outlinefile=\write6
\openout6 = `MOEASoftware.out'.

LaTeX Font Info:    Try loading font information for T1+phv on input line 143.

(/usr/share/texlive/texmf-dist/tex/latex/psnfss/t1phv.fd
File: t1phv.fd 2001/06/04 scalable font definitions for T1/phv.
)
LaTeX Font Info:    Font shape `T1/phv/bx/n' in size <10> not available
(Font)              Font shape `T1/phv/b/n' tried instead on input line 143.
LaTeX Font Info:    Font shape `T1/phv/bx/n' in size <24.88> not available
(Font)              Font shape `T1/phv/b/n' tried instead on input line 143.
LaTeX Font Info:    Font shape `T1/phv/bx/it' in size <10> not available
(Font)              Font shape `T1/phv/b/it' tried instead on input line 143.
LaTeX Font Info:    Font shape `T1/phv/b/it' in size <10> not available
(Font)              Font shape `T1/phv/b/sl' tried instead on input line 143.
LaTeX Font Info:    Font shape `T1/phv/bx/it' in size <17.28> not available
(Font)              Font shape `T1/phv/b/it' tried instead on input line 143.
LaTeX Font Info:    Font shape `T1/phv/b/it' in size <17.28> not available
(Font)              Font shape `T1/phv/b/sl' tried instead on input line 143.
LaTeX Font Info:    Font shape `T1/phv/bx/n' in size <17.28> not available
(Font)              Font shape `T1/phv/b/n' tried instead on input line 143.
<<ot1.cmap>><<oml.cmap>><<oms.cmap>><<omx.cmap>>
LaTeX Font Info:    Try loading font information for U+msa on input line 143.

(/usr/share/texlive/texmf-dist/tex/latex/amsfonts/umsa.fd
File: umsa.fd 2009/06/22 v3.00 AMS symbols A
)
LaTeX Font Info:    Try loading font information for U+msb on input line 143.

(/usr/share/texlive/texmf-dist/tex/latex/amsfonts/umsb.fd
File: umsb.fd 2009/06/22 v3.00 AMS symbols B
)
LaTeX Font Info:    Font shape `T1/phv/bx/n' in size <12> not available
(Font)              Font shape `T1/phv/b/n' tried instead on input line 143.
 [1

{/var/lib/texmf/fonts/map/pdftex/updmap/pdftex.map}] [2

] (./MOEASoftware.toc
LaTeX Font Info:    Font shape `T1/ptm/bx/n' in size <10> not available
(Font)              Font shape `T1/ptm/b/n' tried instead on input line 2.
)
\tf@toc=\write7
\openout7 = `MOEASoftware.toc'.

 [1

] [2

]
! Missing number, treated as zero.
<to be read again> 
                   N
l.144 ...el{index::doc}\begin{wrapfigure}{l}{None}
                                                  
? 
! Illegal unit of measure (pt inserted).
<to be read again> 
                   N
l.144 ...el{index::doc}\begin{wrapfigure}{l}{None}
                                                  
? 
<unam_shield.png, id=61, 300.83122pt x 338.14134pt>
File: unam_shield.png Graphic file (type png)
 <use unam_shield.png>
Package pdftex.def Info: unam_shield.png used on input line 146.
(pdftex.def)             Requested size: 300.83047pt x 338.1405pt.

Overfull \hbox (322.49039pt too wide) in paragraph at lines 144--147
[]\T1/ptm/m/n/10 None[] 
 []


Package wrapfig Warning: Collision between wrapping environments on input line 
148.

! Missing number, treated as zero.
<to be read again> 
                   N
l.148 \begin{wrapfigure}{r}{None}
                                 
? 
! Illegal unit of measure (pt inserted).
<to be read again> 
                   N
l.148 \begin{wrapfigure}{r}{None}
                                 
? 
<sciences_shield.png, id=63, 1010.77625pt x 1155.31625pt>
File: sciences_shield.png Graphic file (type png)

<use sciences_shield.png>
Package pdftex.def Info: sciences_shield.png used on input line 150.
(pdftex.def)             Requested size: 1010.77377pt x 1155.31345pt.
File: sciences_shield.png Graphic file (type png)
 <use sciences_shield.png>
Package pdftex.def Info: sciences_shield.png used on input line 150.
(pdftex.def)             Requested size: 469.755pt x 536.93445pt.

Overfull \hbox (491.41492pt too wide) in paragraph at lines 148--151
[]\T1/ptm/m/n/10 None[] 
 []

[1 <./unam_shield.png>] [2 <./sciences_shield.png>]
Chapter 1.
LaTeX Font Info:    Font shape `T1/phv/bx/n' in size <14.4> not available
(Font)              Font shape `T1/phv/b/n' tried instead on input line 154.
LaTeX Font Info:    Font shape `T1/ptm/bx/n' in size <14.4> not available
(Font)              Font shape `T1/ptm/b/n' tried instead on input line 154.
LaTeX Font Info:    Font shape `T1/ptm/bx/n' in size <24.88> not available
(Font)              Font shape `T1/ptm/b/n' tried instead on input line 154.
LaTeX Font Info:    Try loading font information for T1+pcr on input line 1.
(/usr/share/texlive/texmf-dist/tex/latex/psnfss/t1pcr.fd
File: t1pcr.fd 2001/06/04 font definitions for T1/pcr.
)
LaTeX Font Info:    Font shape `T1/pcr/bx/n' in size <10> not available
(Font)              Font shape `T1/pcr/b/n' tried instead on input line 1.
LaTeX Font Info:    Try loading font information for TS1+ptm on input line 199.


(/usr/share/texlive/texmf-dist/tex/latex/psnfss/ts1ptm.fd
File: ts1ptm.fd 2001/06/04 font definitions for TS1/ptm.
)
LaTeX Font Info:    Font shape `T1/pcr/m/it' in size <10> not available
(Font)              Font shape `T1/pcr/m/sl' tried instead on input line 200.
 [3

] [4]
Underfull \hbox (badness 10000) in paragraph at lines 308--309

 []


Underfull \hbox (badness 10000) in paragraph at lines 333--333
[]\T1/ptm/m/it/10 vector_variables\T1/ptm/m/n/10 , \T1/ptm/m/it/10 num-ber_of_d
ecimals\T1/ptm/m/n/10 , \T1/ptm/m/it/10 rep-re-sen-ta-
 []


Underfull \hbox (badness 10000) in paragraph at lines 333--334

 []


Underfull \hbox (badness 10000) in paragraph at lines 348--348
[]\T1/ptm/m/it/10 length_subchromosomes\T1/ptm/m/n/10 , \T1/ptm/m/it/10 vec-tor
_variables\T1/ptm/m/n/10 , \T1/ptm/m/it/10 num-ber_of_decimals\T1/ptm/m/n/10 , 
\T1/ptm/m/it/10 rep-re-sen-ta-
 []


Underfull \hbox (badness 10000) in paragraph at lines 348--349

 []


Underfull \hbox (badness 10000) in paragraph at lines 359--360

 []

[5]
Underfull \hbox (badness 10000) in paragraph at lines 399--399
[]\T1/ptm/m/it/10 vector_variables\T1/ptm/m/n/10 , \T1/ptm/m/it/10 num-ber_of_d
ecimals\T1/ptm/m/n/10 , \T1/ptm/m/it/10 rep-re-sen-ta-
 []


Underfull \hbox (badness 10000) in paragraph at lines 399--400

 []


Underfull \hbox (badness 10000) in paragraph at lines 410--410
[]\T1/ptm/m/it/10 length_subchromosomes\T1/ptm/m/n/10 , \T1/ptm/m/it/10 vec-tor
_variables\T1/ptm/m/n/10 , \T1/ptm/m/it/10 num-ber_of_decimals\T1/ptm/m/n/10 , 
\T1/ptm/m/it/10 rep-re-sen-ta-
 []


Underfull \hbox (badness 10000) in paragraph at lines 410--411

 []


Underfull \hbox (badness 7047) in paragraph at lines 434--434
\T1/ptm/m/it/10 sen-ta-tion_instance\T1/ptm/m/n/10 , \T1/ptm/m/it/10 rep-re-sen
-ta-tion_parameters\T1/ptm/m/n/10 , \T1/ptm/m/it/10 fit-ness_instance\T1/ptm/m/
n/10 , \T1/ptm/m/it/10 fit-ness_parameters\T1/ptm/m/n/10 ,
 []


Underfull \hbox (badness 10000) in paragraph at lines 434--434
\T1/ptm/m/it/10 shar-ing_function_instance\T1/ptm/m/n/10 , \T1/ptm/m/it/10 shar
-ing_function_parameters\T1/ptm/m/n/10 , \T1/ptm/m/it/10 se-lec-tion_instance\T
1/ptm/m/n/10 , \T1/ptm/m/it/10 se-
 []


Underfull \hbox (badness 10000) in paragraph at lines 434--434
\T1/ptm/m/it/10 lec-tion_parameters\T1/ptm/m/n/10 , \T1/ptm/m/it/10 crossover_i
nstance\T1/ptm/m/n/10 , \T1/ptm/m/it/10 crossover_parameters\T1/ptm/m/n/10 , \T
1/ptm/m/it/10 mu-ta-tion_instance\T1/ptm/m/n/10 ,
 []


Underfull \hbox (badness 10000) in paragraph at lines 434--435

 []

[6]
Underfull \hbox (badness 10000) in paragraph at lines 521--522

 []


Underfull \hbox (badness 10000) in paragraph at lines 557--558

 []

[7]
Underfull \hbox (badness 10000) in paragraph at lines 582--583

 []


Underfull \hbox (badness 10000) in paragraph at lines 608--608
[]\T1/ptm/m/it/10 individual_i\T1/ptm/m/n/10 , \T1/ptm/m/it/10 in-di-vid-ual_j\
T1/ptm/m/n/10 , \T1/ptm/m/it/10 al-pha_share\T1/ptm/m/n/10 ,
 []


Underfull \hbox (badness 10000) in paragraph at lines 608--609

 []


Underfull \hbox (badness 10000) in paragraph at lines 647--648

 []

[8]
Underfull \hbox (badness 10000) in paragraph at lines 677--678

 []


Underfull \hbox (badness 10000) in paragraph at lines 733--734

 []

[9]
Underfull \hbox (badness 10000) in paragraph at lines 831--832

 []

[10]
Underfull \hbox (badness 6510) in paragraph at lines 965--965
[]\T1/ptm/m/it/10 population_size\T1/ptm/m/n/10 , \T1/ptm/m/it/10 vec-tor_funct
ions\T1/ptm/m/n/10 , \T1/ptm/m/it/10 vec-tor_variables\T1/ptm/m/n/10 , \T1/ptm/
m/it/10 avail-able_expressions\T1/ptm/m/n/10 , \T1/ptm/m/it/10 num-
 []

[11] [12]
Underfull \hbox (badness 10000) in paragraph at lines 1247--1248

 []

[13]
Underfull \hbox (badness 10000) in paragraph at lines 1283--1284

 []


Underfull \hbox (badness 10000) in paragraph at lines 1374--1375

 []

[14] [15]
Underfull \hbox (badness 10000) in paragraph at lines 1610--1611

 []

[16] [17]
Underfull \hbox (badness 10000) in paragraph at lines 1731--1733
[]\T1/ptm/m/n/10 A grandes ras-gos el fun-
 []

[18] [19]
Underfull \hbox (badness 10000) in paragraph at lines 1924--1925

 []

[20] [21] [22]
Underfull \hbox (badness 10000) in paragraph at lines 2135--2136

 []

[23] [24]
Underfull \hbox (badness 10000) in paragraph at lines 2327--2328

 []

[25] [26]
Underfull \hbox (badness 10000) in paragraph at lines 2502--2503

 []

[27]
Underfull \hbox (badness 10000) in paragraph at lines 2534--2535

 []

[28] [29] [30] [31]
Underfull \hbox (badness 10000) in paragraph at lines 2816--2817

 []


Underfull \hbox (badness 10000) in paragraph at lines 2830--2832
[]\T1/pcr/b/n/10 generations_queue \T1/ptm/m/n/10 (\T1/pcr/m/sl/10 Instance\T1/
ptm/m/n/10 ) -- Una es-truc-tura aux-il-iar \T1/ptm/b/n/10 (Queue
 []


Underfull \hbox (badness 10000) in paragraph at lines 2830--2832
\T1/ptm/b/n/10 o Cola) \T1/ptm/m/n/10 que es nece-saria para in-dicar a la in-t
er-faz grá-fica el pro-
 []


Underfull \hbox (badness 10000) in paragraph at lines 2830--2832
\T1/ptm/m/n/10 greso del método \T1/ptm/b/n/10 (véase Con-troller/Controller.py
, View/MainWindow.py,
 []


Underfull \hbox (badness 10000) in paragraph at lines 2846--2848
[]\T1/pcr/b/n/10 available_expressions \T1/ptm/m/n/10 (\T1/pcr/m/sl/10 Dictiona
ry\T1/ptm/m/n/10 ) -- Un dic-cionario con ex-pre-
 []


Underfull \hbox (badness 10000) in paragraph at lines 2846--2848
\T1/ptm/m/n/10 cilla \T1/ptm/b/n/10 (véase Con-troller/Verifier.py, Con-troller
/XML/PythonExpressions.xml,
 []


Overfull \hbox (8.77077pt too wide) in paragraph at lines 2846--2848
\T1/ptm/b/n/10 View/Additional/MenuInternalOption/InternalOptionTab/PythonExpre
ssionFrame.py)\T1/ptm/m/n/10 . 
 []

[32]
Underfull \hbox (badness 6725) in paragraph at lines 2881--2883
[]\T1/pcr/b/n/10 selection_instance \T1/ptm/m/n/10 (\T1/pcr/m/sl/10 Instance\T1
/ptm/m/n/10 ) -- Una in-stan-cia de la téc-nica de Se-
 []


Underfull \hbox (badness 5490) in paragraph at lines 2881--2883
\T1/ptm/m/n/10 lec-tion \T1/ptm/b/n/10 (ó Se-lec-ción) \T1/ptm/m/n/10 se-lec-ci
onada por el usuario \T1/ptm/b/n/10 (véase Con-troller/Verifier.py,
 []


Underfull \hbox (badness 10000) in paragraph at lines 2888--2890
[]\T1/pcr/b/n/10 crossover_instance \T1/ptm/m/n/10 (\T1/pcr/m/sl/10 Instance\T1
/ptm/m/n/10 ) -- Una in-stan-cia de la téc-nica de
 []


Underfull \hbox (badness 5403) in paragraph at lines 2888--2890
\T1/ptm/m/n/10 Crossover \T1/ptm/b/n/10 (ó Cruza) \T1/ptm/m/n/10 se-lec-cionada
 por el usuario \T1/ptm/b/n/10 (véase Con-troller/Verifier.py,
 []


Underfull \hbox (badness 7540) in paragraph at lines 2895--2897
[]\T1/pcr/b/n/10 mutation_instance \T1/ptm/m/n/10 (\T1/pcr/m/sl/10 Instance\T1/
ptm/m/n/10 ) -- Una in-stan-cia de la téc-nica de Mu-
 []


Underfull \hbox (badness 10000) in paragraph at lines 2895--2897
\T1/ptm/m/n/10 ta-tion \T1/ptm/b/n/10 (ó Mu-tación) \T1/ptm/m/n/10 em-pleada po
r el usuario \T1/ptm/b/n/10 (véase Con-troller/Verifier.py,
 []

[33]
Underfull \hbox (badness 10000) in paragraph at lines 2986--2986
\T1/ptm/m/it/10 fit-ness_parameters\T1/ptm/m/n/10 , \T1/ptm/m/it/10 shar-ing_fu
nction_instance\T1/ptm/m/n/10 , \T1/ptm/m/it/10 shar-ing_function_parameters\T1
/ptm/m/n/10 , \T1/ptm/m/it/10 se-lec-
 []

[34] [35]
Underfull \hbox (badness 10000) in paragraph at lines 3066--3066
\T1/ptm/m/it/10 fit-ness_parameters\T1/ptm/m/n/10 , \T1/ptm/m/it/10 shar-ing_fu
nction_instance\T1/ptm/m/n/10 , \T1/ptm/m/it/10 shar-ing_function_parameters\T1
/ptm/m/n/10 , \T1/ptm/m/it/10 se-lec-
 []

[36]
Underfull \hbox (badness 10000) in paragraph at lines 3128--3128
\T1/ptm/m/it/10 fit-ness_parameters\T1/ptm/m/n/10 , \T1/ptm/m/it/10 shar-ing_fu
nction_instance\T1/ptm/m/n/10 , \T1/ptm/m/it/10 shar-ing_function_parameters\T1
/ptm/m/n/10 , \T1/ptm/m/it/10 se-lec-
 []

[37]
Underfull \hbox (badness 10000) in paragraph at lines 3199--3199
\T1/ptm/m/it/10 fit-ness_parameters\T1/ptm/m/n/10 , \T1/ptm/m/it/10 shar-ing_fu
nction_instance\T1/ptm/m/n/10 , \T1/ptm/m/it/10 shar-ing_function_parameters\T1
/ptm/m/n/10 , \T1/ptm/m/it/10 se-lec-
 []


Underfull \hbox (badness 10000) in paragraph at lines 3221--3222

 []

[38]
Underfull \hbox (badness 10000) in paragraph at lines 3244--3245
[]\T1/ptm/m/n/10 Cuando una in-stan-cia ter-mine de eje-cu-tarse, la ven-tana d
el pro-greso de-sa-parece
 []


Underfull \hbox (badness 10000) in paragraph at lines 3244--3245
\T1/ptm/m/n/10 y en su lu-gar se mues-tra otra con-te-niendo los re-sul-ta-dos 
del M.O.E.A. \T1/ptm/b/n/10 (véase
 []


Underfull \hbox (badness 10000) in paragraph at lines 3264--3265

 []


Underfull \hbox (badness 10000) in paragraph at lines 3283--3284

 []


Underfull \hbox (badness 10000) in paragraph at lines 3297--3298

 []

[39]
Underfull \hbox (badness 10000) in paragraph at lines 3319--3320

 []


Underfull \hbox (badness 10000) in paragraph at lines 3355--3356

 []


Underfull \hbox (badness 10000) in paragraph at lines 3368--3369

 []

[40]
Underfull \hbox (badness 10000) in paragraph at lines 3392--3392
[]\T1/ptm/m/it/10 execution_task_count\T1/ptm/m/n/10 , \T1/ptm/m/it/10 gen-er-a
-tions_queue\T1/ptm/m/n/10 , \T1/ptm/m/it/10 gath-
 []


Underfull \hbox (badness 10000) in paragraph at lines 3392--3393

 []


Underfull \hbox (badness 10000) in paragraph at lines 3425--3426

 []


Underfull \hbox (badness 10000) in paragraph at lines 3445--3446

 []


Underfull \hbox (badness 10000) in paragraph at lines 3467--3473
\T1/ptm/b/n/10 View/Additional/MenuInternalOption/InternalOptionTab/MOPExampleF
rame.py,
 []

[41]
Underfull \hbox (badness 10000) in paragraph at lines 3564--3565

 []

[42]
Underfull \hbox (badness 10000) in paragraph at lines 3649--3650

 []

[43]
Underfull \hbox (badness 10000) in paragraph at lines 3714--3715

 []


Underfull \hbox (badness 10000) in paragraph at lines 3732--3733

 []


Underfull \hbox (badness 10000) in paragraph at lines 3767--3768

 []

[44]
Underfull \hbox (badness 10000) in paragraph at lines 3838--3839

 []


Underfull \hbox (badness 10000) in paragraph at lines 3856--3857

 []


Underfull \hbox (badness 10000) in paragraph at lines 3874--3875

 []

[45]
Underfull \hbox (badness 10000) in paragraph at lines 3919--3920

 []


Underfull \hbox (badness 10000) in paragraph at lines 3938--3939

 []

[46]
Underfull \hbox (badness 10000) in paragraph at lines 4014--4015

 []


Underfull \hbox (badness 10000) in paragraph at lines 4032--4033

 []


Underfull \hbox (badness 10000) in paragraph at lines 4067--4068

 []

[47]
Underfull \hbox (badness 10000) in paragraph at lines 4136--4137

 []


Underfull \hbox (badness 10000) in paragraph at lines 4154--4155

 []


Underfull \hbox (badness 10000) in paragraph at lines 4172--4173

 []

[48]
Underfull \hbox (badness 10000) in paragraph at lines 4217--4218

 []


Underfull \hbox (badness 10000) in paragraph at lines 4235--4236

 []

[49]
Underfull \hbox (badness 10000) in paragraph at lines 4374--4375

 []


Underfull \hbox (badness 10000) in paragraph at lines 4387--4388

 []

[50]
Overfull \hbox (106.1545pt too wide) in paragraph at lines 4463--4464
\T1/ptm/m/n/10 Bases: [][]\T1/pcr/m/sl/10 View.Main.Population.TemplatePopulati
on.TemplatePopulationFrame.TemplatePopulationFrame[][] 
 []

[51]
Overfull \hbox (106.1545pt too wide) in paragraph at lines 4539--4540
\T1/ptm/m/n/10 Bases: [][]\T1/pcr/m/sl/10 View.Main.Population.TemplatePopulati
on.TemplatePopulationFrame.TemplatePopulationFrame[][] 
 []

[52] [53]
Underfull \hbox (badness 10000) in paragraph at lines 4714--4715

 []


Underfull \hbox (badness 10000) in paragraph at lines 4727--4728

 []


Overfull \hbox (226.1545pt too wide) in paragraph at lines 4802--4803
\T1/ptm/m/n/10 Bases: [][]\T1/pcr/m/sl/10 View.Main.GeneticOperator.TemplateGen
eticOperator.TemplateGeneticOperatorFrame.TemplateGeneticOperatorFrame[][] 
 []

[54]
Overfull \hbox (226.1545pt too wide) in paragraph at lines 4868--4869
\T1/ptm/m/n/10 Bases: [][]\T1/pcr/m/sl/10 View.Main.GeneticOperator.TemplateGen
eticOperator.TemplateGeneticOperatorFrame.TemplateGeneticOperatorFrame[][] 
 []

[55]
Overfull \hbox (226.1545pt too wide) in paragraph at lines 4940--4941
\T1/ptm/m/n/10 Bases: [][]\T1/pcr/m/sl/10 View.Main.GeneticOperator.TemplateGen
eticOperator.TemplateGeneticOperatorFrame.TemplateGeneticOperatorFrame[][] 
 []

[56] [57]
Underfull \hbox (badness 10000) in paragraph at lines 5112--5113

 []


Underfull \hbox (badness 10000) in paragraph at lines 5125--5126

 []


Underfull \hbox (badness 10000) in paragraph at lines 5137--5138

 []

[58]
Underfull \hbox (badness 10000) in paragraph at lines 5235--5236

 []


Underfull \hbox (badness 10000) in paragraph at lines 5248--5249

 []


Underfull \hbox (badness 10000) in paragraph at lines 5260--5261

 []

[59]
Underfull \hbox (badness 10000) in paragraph at lines 5364--5365

 []

[60]
Underfull \hbox (badness 10000) in paragraph at lines 5378--5379

 []


Underfull \hbox (badness 10000) in paragraph at lines 5420--5421

 []

[61]
Underfull \hbox (badness 10000) in paragraph at lines 5503--5504

 []


Underfull \hbox (badness 10000) in paragraph at lines 5517--5518

 []

[62]
Underfull \hbox (badness 10000) in paragraph at lines 5609--5610

 []


Underfull \hbox (badness 10000) in paragraph at lines 5623--5624

 []

[63]
Underfull \hbox (badness 10000) in paragraph at lines 5683--5684

 []


Underfull \hbox (badness 10000) in paragraph at lines 5748--5749

 []

[64]
Underfull \hbox (badness 10000) in paragraph at lines 5768--5769

 []


Underfull \hbox (badness 10000) in paragraph at lines 5826--5827

 []

[65]
Underfull \hbox (badness 6284) in paragraph at lines 5910--5913
\T1/ptm/m/n/10 ros para que se puedan car-gar au-tomáti-ca-mente en este Frame 
\T1/ptm/b/n/10 (véase Con-
 []


Underfull \hbox (badness 10000) in paragraph at lines 5926--5927

 []


Underfull \hbox (badness 10000) in paragraph at lines 5944--5945

 []

[66]
Underfull \hbox (badness 10000) in paragraph at lines 6005--6006

 []


Underfull \hbox (badness 10000) in paragraph at lines 6023--6024

 []


Underfull \hbox (badness 10000) in paragraph at lines 6041--6042

 []

[67]
Underfull \hbox (badness 10000) in paragraph at lines 6064--6065

 []


Underfull \hbox (badness 10000) in paragraph at lines 6088--6089

 []


Underfull \hbox (badness 10000) in paragraph at lines 6105--6106

 []


Underfull \hbox (badness 5817) in paragraph at lines 6110--6113
[]\T1/ptm/m/n/10 Toma la in-for-ma-ción ex-is-tente en las casil-las y pro-cede
 a so-bree-scribir el archivo \T1/ptm/b/n/10 Con-
 []

[68]
Underfull \hbox (badness 10000) in paragraph at lines 6177--6178

 []


Underfull \hbox (badness 10000) in paragraph at lines 6191--6192

 []

[69]
Underfull \hbox (badness 10000) in paragraph at lines 6291--6292

 []


Underfull \hbox (badness 10000) in paragraph at lines 6305--6306

 []

[70]
Underfull \hbox (badness 10000) in paragraph at lines 6374--6375

 []

[71]
Underfull \hbox (badness 10000) in paragraph at lines 6390--6391

 []


Underfull \hbox (badness 10000) in paragraph at lines 6409--6410

 []


Underfull \hbox (badness 10000) in paragraph at lines 6447--6448

 []

[72]
Underfull \hbox (badness 10000) in paragraph at lines 6491--6491
[]\T1/ptm/m/it/10 decision_variables\T1/ptm/m/n/10 , \T1/ptm/m/it/10 col-lec-
 []


Underfull \hbox (badness 10000) in paragraph at lines 6491--6492

 []


Underfull \hbox (badness 10000) in paragraph at lines 6515--6515
[]\T1/ptm/m/it/10 objective_functions\T1/ptm/m/n/10 , \T1/ptm/m/it/10 col-lec-
 []


Underfull \hbox (badness 10000) in paragraph at lines 6515--6516

 []

[73]
Underfull \hbox (badness 10000) in paragraph at lines 6572--6574
[]\T1/pcr/b/n/10 execution_task_count \T1/ptm/m/n/10 (\T1/pcr/m/sl/10 Integer\T
1/ptm/m/n/10 ) -- Un iden-ti-fi-cador
 []


Underfull \hbox (badness 10000) in paragraph at lines 6572--6574
\T1/ptm/m/n/10 que pre-cisa el número de tarea \T1/ptm/b/n/10 (Task) \T1/ptm/m/
n/10 en eje-cu-ción \T1/ptm/b/n/10 (véase
 []


Underfull \hbox (badness 10000) in paragraph at lines 6591--6592

 []


Underfull \hbox (badness 10000) in paragraph at lines 6644--6646
[]\T1/pcr/b/n/10 renamed_decision_variables \T1/ptm/m/n/10 (\T1/pcr/m/sl/10 Dic
tionary\T1/ptm/m/n/10 ) -- Dic-
 []


Underfull \hbox (badness 10000) in paragraph at lines 6644--6646
\T1/ptm/m/n/10 cionario de vari-ables de de-cisión renom-bradas \T1/ptm/b/n/10 
(véase
 []

[74]
Underfull \hbox (badness 10000) in paragraph at lines 6667--6668

 []


Underfull \hbox (badness 10000) in paragraph at lines 6711--6713
[]\T1/pcr/b/n/10 renamed_decision_variables \T1/ptm/m/n/10 (\T1/pcr/m/sl/10 Dic
tionary\T1/ptm/m/n/10 ) -- Dic-
 []


Underfull \hbox (badness 10000) in paragraph at lines 6711--6713
\T1/ptm/m/n/10 cionario de vari-ables de de-cisión renom-bradas \T1/ptm/b/n/10 
(véase
 []

[75]
Underfull \hbox (badness 10000) in paragraph at lines 6800--6801

 []

[76]
Underfull \hbox (badness 6944) in paragraph at lines 6854--6858
[]\T1/ptm/m/n/10 Un dic-cionario con in-for-ma-ción de los re-sul-ta-dos de hab
er eje-cu-tado el
 []


Underfull \hbox (badness 10000) in paragraph at lines 6869--6870

 []


Underfull \hbox (badness 10000) in paragraph at lines 6892--6893

 []

[77]
Underfull \hbox (badness 10000) in paragraph at lines 6915--6916

 []


Underfull \hbox (badness 10000) in paragraph at lines 6997--6998

 []

[78]
Underfull \hbox (badness 10000) in paragraph at lines 7073--7074

 []


Underfull \hbox (badness 10000) in paragraph at lines 7100--7101

 []

[79]
Underfull \hbox (badness 10000) in paragraph at lines 7132--7133

 []


Underfull \hbox (badness 10000) in paragraph at lines 7167--7168

 []


Underfull \hbox (badness 10000) in paragraph at lines 7193--7194

 []

[80]
Underfull \hbox (badness 10000) in paragraph at lines 7229--7230

 []


Underfull \hbox (badness 10000) in paragraph at lines 7291--7292

 []

[81]
Underfull \hbox (badness 10000) in paragraph at lines 7319--7319
[]\T1/ptm/m/it/10 genetic_operators_settings\T1/ptm/m/n/10 , \T1/ptm/m/it/10 fe
a-tures\T1/ptm/m/n/10 , \T1/ptm/m/it/10 vec-
 []


Underfull \hbox (badness 10000) in paragraph at lines 7399--7402
[]\T1/pcr/b/n/10 available_expressions \T1/ptm/m/n/10 (\T1/pcr/m/sl/10 Dictiona
ry\T1/ptm/m/n/10 ) -- Un lis-tado con las ex-pre-
 []


Underfull \hbox (badness 10000) in paragraph at lines 7399--7402
\T1/ptm/m/n/10 siones de Python disponibles \T1/ptm/b/n/10 (véase Con-troller/X
ML/PythonExpressions.xml,
 []


Overfull \hbox (15.47075pt too wide) in paragraph at lines 7399--7402
\T1/ptm/b/n/10 View/Additional/MenuInternalOption/InternalOptionTab/PythonExpre
ssionFrame.py)\T1/ptm/m/n/10 . 
 []

[82]
Underfull \hbox (badness 10000) in paragraph at lines 7454--7455

 []


Underfull \hbox (badness 10000) in paragraph at lines 7492--7495
[]\T1/pcr/b/n/10 data \T1/ptm/m/n/10 (\T1/pcr/m/sl/10 Dictionary\T1/ptm/m/n/10 
) -- Los datos que son leí-dos por el método
 []


Underfull \hbox (badness 10000) in paragraph at lines 7510--7511

 []

[83]
Underfull \hbox (badness 10000) in paragraph at lines 7520--7523
[]\T1/pcr/b/n/10 data \T1/ptm/m/n/10 (\T1/pcr/m/sl/10 Dictionary\T1/ptm/m/n/10 
) -- Los datos que son leí-dos por el método
 []


Underfull \hbox (badness 10000) in paragraph at lines 7538--7539

 []


Underfull \hbox (badness 10000) in paragraph at lines 7545--7548
[]\T1/pcr/b/n/10 data \T1/ptm/m/n/10 (\T1/pcr/m/sl/10 Dictionary\T1/ptm/m/n/10 
) -- Los datos que son leí-dos por el método
 []

[84]
Overfull \hbox (84.6225pt too wide) in paragraph at lines 7599--7600
[]\T1/pcr/m/n/10 Model.ChromosomalRepresentation.BinaryRepresentation\T1/ptm/m/
n/10 ,
 []


Overfull \hbox (108.6225pt too wide) in paragraph at lines 7600--7601
[]\T1/pcr/m/n/10 Model.ChromosomalRepresentation.FloatPointRepresentation\T1/pt
m/m/n/10 ,
 []


Overfull \hbox (60.6225pt too wide) in paragraph at lines 7602--7603
[]\T1/pcr/m/n/10 Model.Community.Population.Individual.Individual\T1/ptm/m/n/10
 ,
 []


Underfull \hbox (badness 10000) in paragraph at lines 7603--7604
[]\T1/pcr/m/n/10 Model.Community.Population.Population\T1/ptm/m/n/10 ,
 []


Underfull \hbox (badness 10000) in paragraph at lines 7605--7606
[]\T1/pcr/m/n/10 Model.Fitness.NonLinearRankingFitness\T1/ptm/m/n/10 ,
 []


Overfull \hbox (18.6225pt too wide) in paragraph at lines 7611--7612
[]\T1/pcr/m/n/10 Model.Operator.Crossover.NPointsCrossover\T1/ptm/m/n/10 ,
 []


Overfull \hbox (18.6225pt too wide) in paragraph at lines 7612--7613
[]\T1/pcr/m/n/10 Model.Operator.Crossover.UniformCrossover\T1/ptm/m/n/10 ,
 []


Overfull \hbox (0.6225pt too wide) in paragraph at lines 7613--7614
[]\T1/pcr/m/n/10 Model.Operator.Mutation.BinaryMutation\T1/ptm/m/n/10 ,
 []


Overfull \hbox (24.6225pt too wide) in paragraph at lines 7614--7615
[]\T1/pcr/m/n/10 Model.Operator.Mutation.FloatPointMutation\T1/ptm/m/n/10 ,
 []


Overfull \hbox (60.6225pt too wide) in paragraph at lines 7615--7616
[]\T1/pcr/m/n/10 Model.Operator.Selection.ProbabilisticTournament\T1/ptm/m/n/10
 ,
 []


Overfull \hbox (84.6225pt too wide) in paragraph at lines 7617--7618
[]\T1/pcr/m/n/10 Model.Operator.Selection.StochasticUniversalSampling\T1/ptm/m/
n/10 ,
 []


Overfull \hbox (114.6225pt too wide) in paragraph at lines 7618--7619
[]\T1/pcr/m/n/10 Model.SharingFunction.GenotypicSimilarity.HammingDistance\T1/p
tm/m/n/10 ,
 []


Overfull \hbox (132.6225pt too wide) in paragraph at lines 7619--7620
[]\T1/pcr/m/n/10 Model.SharingFunction.PhenotypicSimilarity.EuclideanDistance\T
1/ptm/m/n/10 ,
 []


Overfull \hbox (114.6225pt too wide) in paragraph at lines 7622--7623
[]\T1/pcr/m/n/10 View.Additional.GenerationSignal.GenerationSignalToplevel\T1/p
tm/m/n/10 ,
 []


Overfull \hbox (60.6225pt too wide) in paragraph at lines 7623--7624
[]\T1/pcr/m/n/10 View.Additional.MenuInternalOption.AboutToplevel\T1/ptm/m/n/10
 ,
 []


Overfull \hbox (204.6225pt too wide) in paragraph at lines 7624--7625
[]\T1/pcr/m/n/10 View.Additional.MenuInternalOption.InternalOptionTab.Character
isticFrame\T1/ptm/m/n/10 ,
 []


Overfull \hbox (180.6225pt too wide) in paragraph at lines 7625--7626
[]\T1/pcr/m/n/10 View.Additional.MenuInternalOption.InternalOptionTab.Expressio
nFrame\T1/ptm/m/n/10 ,
 []


Overfull \hbox (162.6225pt too wide) in paragraph at lines 7626--7627
[]\T1/pcr/m/n/10 View.Additional.MenuInternalOption.InternalOptionTab.FeatureFr
ame\T1/ptm/m/n/10 ,
 []


Overfull \hbox (180.6225pt too wide) in paragraph at lines 7627--7628
[]\T1/pcr/m/n/10 View.Additional.MenuInternalOption.InternalOptionTab.MOPExampl
eFrame\T1/ptm/m/n/10 ,
 []


Overfull \hbox (138.6225pt too wide) in paragraph at lines 7628--7629
[]\T1/pcr/m/n/10 View.Additional.MenuInternalOption.InternalOptionTab.MOPFrame\
T1/ptm/m/n/10 ,
 []


Overfull \hbox (216.6225pt too wide) in paragraph at lines 7629--7630
[]\T1/pcr/m/n/10 View.Additional.MenuInternalOption.InternalOptionTab.PythonExp
ressionFrame\T1/ptm/m/n/10 ,
 []


Overfull \hbox (114.6225pt too wide) in paragraph at lines 7630--7631
[]\T1/pcr/m/n/10 View.Additional.MenuInternalOption.InternalOptionToplevel\T1/p
tm/m/n/10 ,
 []


Overfull \hbox (90.6225pt too wide) in paragraph at lines 7631--7632
[]\T1/pcr/m/n/10 View.Additional.MenuInternalOption.MenuInternalOption\T1/ptm/m
/n/10 ,
 []


Overfull \hbox (30.6225pt too wide) in paragraph at lines 7632--7633
[]\T1/pcr/m/n/10 View.Additional.ResultsGrapher.ContentFrame\T1/ptm/m/n/10 ,
 []


Overfull \hbox (132.6225pt too wide) in paragraph at lines 7633--7634
[]\T1/pcr/m/n/10 View.Additional.ResultsGrapher.CustomNavigationToolbar2TkAgg\T
1/ptm/m/n/10 ,
 []


Overfull \hbox (18.6225pt too wide) in paragraph at lines 7634--7635
[]\T1/pcr/m/n/10 View.Additional.ResultsGrapher.ErrorFrame\T1/ptm/m/n/10 ,
 []


Overfull \hbox (18.6225pt too wide) in paragraph at lines 7635--7636
[]\T1/pcr/m/n/10 View.Additional.ResultsGrapher.GraphFrame\T1/ptm/m/n/10 ,
 []


Overfull \hbox (90.6225pt too wide) in paragraph at lines 7636--7637
[]\T1/pcr/m/n/10 View.Additional.ResultsGrapher.ResultsGrapherToplevel\T1/ptm/m
/n/10 ,
 []


Overfull \hbox (30.6225pt too wide) in paragraph at lines 7637--7638
[]\T1/pcr/m/n/10 View.Additional.ResultsGrapher.SummaryFrame\T1/ptm/m/n/10 ,
 []


Overfull \hbox (60.6225pt too wide) in paragraph at lines 7638--7639
[]\T1/pcr/m/n/10 View.Main.DecisionVariable.DecisionVariableFrame\T1/ptm/m/n/10
 ,
 []


Overfull \hbox (12.6225pt too wide) in paragraph at lines 7639--7640
[]\T1/pcr/m/n/10 View.Main.DecisionVariable.VariableFrame\T1/ptm/m/n/10 ,
 []


Overfull \hbox (12.6225pt too wide) in paragraph at lines 7640--7641
[]\T1/pcr/m/n/10 View.Main.GeneticOperator.CrossoverFrame\T1/ptm/m/n/10 ,
 []

[85


]
Overfull \hbox (48.6225pt too wide) in paragraph at lines 7641--7642
[]\T1/pcr/m/n/10 View.Main.GeneticOperator.GeneticOperatorFrame\T1/ptm/m/n/10 ,

 []


Overfull \hbox (6.6225pt too wide) in paragraph at lines 7642--7643
[]\T1/pcr/m/n/10 View.Main.GeneticOperator.MutationFrame\T1/ptm/m/n/10 ,
 []


Overfull \hbox (12.6225pt too wide) in paragraph at lines 7643--7644
[]\T1/pcr/m/n/10 View.Main.GeneticOperator.SelectionFrame\T1/ptm/m/n/10 ,
 []


Overfull \hbox (240.6225pt too wide) in paragraph at lines 7644--7645
[]\T1/pcr/m/n/10 View.Main.GeneticOperator.TemplateGeneticOperator.TemplateGene
ticOperatorFrame\T1/ptm/m/n/10 ,
 []


Overfull \hbox (18.6225pt too wide) in paragraph at lines 7650--7651
[]\T1/pcr/m/n/10 View.Main.ObjectiveFunction.FunctionFrame\T1/ptm/m/n/10 ,
 []


Overfull \hbox (72.6225pt too wide) in paragraph at lines 7651--7652
[]\T1/pcr/m/n/10 View.Main.ObjectiveFunction.ObjectiveFunctionFrame\T1/ptm/m/n/
10 ,
 []


Underfull \hbox (badness 10000) in paragraph at lines 7654--7655
[]\T1/pcr/m/n/10 View.Main.Population.PopulationFrame\T1/ptm/m/n/10 ,
 []


Overfull \hbox (150.6225pt too wide) in paragraph at lines 7655--7656
[]\T1/pcr/m/n/10 View.Main.Population.TemplatePopulation.TemplatePopulationFram
e\T1/ptm/m/n/10 ,
 []

[86

]
No file MOEASoftware.ind.
Package atveryend Info: Empty hook `BeforeClearDocument' on input line 7661.
Package atveryend Info: Empty hook `AfterLastShipout' on input line 7661.
(./MOEASoftware.aux)
Package atveryend Info: Executing hook `AtVeryEndDocument' on input line 7661.
Package atveryend Info: Executing hook `AtEndAfterFileList' on input line 7661.

Package rerunfilecheck Info: File `MOEASoftware.out' has not changed.
(rerunfilecheck)             Checksum: 66F18500A91FDB2A075FCA13EC91C6AD;816.
Package atveryend Info: Empty hook `AtVeryVeryEnd' on input line 7661.
 ) 
Here is how much of TeX's memory you used:
 11924 strings out of 493485
 199456 string characters out of 3143526
 275755 words of memory out of 3000000
 14476 multiletter control sequences out of 15000+200000
 59927 words of font info for 75 fonts, out of 3000000 for 9000
 958 hyphenation exceptions out of 8191
 36i,12n,45p,842b,645s stack positions out of 5000i,500n,10000p,200000b,50000s
{/usr/share/texlive/texmf-dist/fonts/enc/dvips/base/8r.enc}</usr/share/texliv
e/texmf-dist/fonts/type1/public/amsfonts/cm/cmex10.pfb></usr/share/texlive/texm
f-dist/fonts/type1/public/amsfonts/cmextra/cmex7.pfb></usr/share/texlive/texmf-
dist/fonts/type1/public/amsfonts/cm/cmmi10.pfb></usr/share/texlive/texmf-dist/f
onts/type1/public/amsfonts/cm/cmmi5.pfb></usr/share/texlive/texmf-dist/fonts/ty
pe1/public/amsfonts/cm/cmmi7.pfb></usr/share/texlive/texmf-dist/fonts/type1/pub
lic/amsfonts/cm/cmr10.pfb></usr/share/texlive/texmf-dist/fonts/type1/public/ams
fonts/cm/cmr5.pfb></usr/share/texlive/texmf-dist/fonts/type1/public/amsfonts/cm
/cmr7.pfb></usr/share/texlive/texmf-dist/fonts/type1/public/amsfonts/cm/cmsy10.
pfb></usr/share/texlive/texmf-dist/fonts/type1/public/amsfonts/cm/cmsy5.pfb></u
sr/share/texlive/texmf-dist/fonts/type1/public/amsfonts/cm/cmsy7.pfb></usr/shar
e/texlive/texmf-dist/fonts/type1/public/amsfonts/symbols/msam10.pfb></usr/share
/texlive/texmf-dist/fonts/type1/urw/courier/ucrb8a.pfb></usr/share/texlive/texm
f-dist/fonts/type1/urw/courier/ucrr8a.pfb></usr/share/texlive/texmf-dist/fonts/
type1/urw/courier/ucrro8a.pfb></usr/share/texlive/texmf-dist/fonts/type1/urw/he
lvetic/uhvb8a.pfb></usr/share/texlive/texmf-dist/fonts/type1/urw/helvetic/uhvbo
8a.pfb></usr/share/texlive/texmf-dist/fonts/type1/urw/helvetic/uhvr8a.pfb></usr
/share/texlive/texmf-dist/fonts/type1/urw/times/utmb8a.pfb></usr/share/texlive/
texmf-dist/fonts/type1/urw/times/utmr8a.pfb></usr/share/texlive/texmf-dist/font
s/type1/urw/times/utmri8a.pfb>
Output written on MOEASoftware.pdf (90 pages, 885579 bytes).
PDF statistics:
 1044 PDF objects out of 1200 (max. 8388607)
 912 compressed objects within 10 object streams
 461 named destinations out of 1000 (max. 500000)
 79 words of extra memory for PDF output out of 10000 (max. 10000000)

