This is pdfTeX, Version 3.1415926-2.4-1.40.13 (TeX Live 2012/Debian) (format=pdflatex 2017.4.16)  22 JUL 2017 22:01
entering extended mode
 restricted \write18 enabled.
 %&-line parsing enabled.
**tesis.tex
(./tesis.tex
LaTeX2e <2011/06/27>
Babel <v3.8m> and hyphenation patterns for english, dumylang, nohyphenation, et
hiopic, farsi, arabic, pinyin, croatian, bulgarian, ukrainian, russian, slovak,
 czech, danish, dutch, usenglishmax, ukenglish, finnish, french, basque, ngerma
n, german, swissgerman, ngerman-x-2012-05-30, german-x-2012-05-30, monogreek, g
reek, ibycus, ancientgreek, hungarian, bengali, tamil, hindi, telugu, gujarati,
 sanskrit, malayalam, kannada, assamese, marathi, oriya, panjabi, italian, lati
n, latvian, lithuanian, mongolian, mongolianlmc, nynorsk, bokmal, indonesian, e
speranto, coptic, welsh, irish, interlingua, serbian, serbianc, slovenian, friu
lan, romansh, estonian, romanian, armenian, uppersorbian, turkish, afrikaans, i
celandic, kurmanji, polish, portuguese, galician, catalan, spanish, swedish, th
ai, loaded.
(/usr/share/texlive/texmf-dist/tex/latex/base/report.cls
Document Class: report 2007/10/19 v1.4h Standard LaTeX document class
(/usr/share/texlive/texmf-dist/tex/latex/base/size12.clo
File: size12.clo 2007/10/19 v1.4h Standard LaTeX file (size option)
)
\c@part=\count79
\c@chapter=\count80
\c@section=\count81
\c@subsection=\count82
\c@subsubsection=\count83
\c@paragraph=\count84
\c@subparagraph=\count85
\c@figure=\count86
\c@table=\count87
\abovecaptionskip=\skip41
\belowcaptionskip=\skip42
\bibindent=\dimen102
)
(/usr/share/texlive/texmf-dist/tex/latex/standalone/standalone.sty
Package: standalone 2012/05/20 v1.1a Package to include TeX sub-files with prea
mbles

(/usr/share/texlive/texmf-dist/tex/generic/oberdiek/ifluatex.sty
Package: ifluatex 2010/03/01 v1.3 Provides the ifluatex switch (HO)
Package ifluatex Info: LuaTeX not detected.
)
(/usr/share/texlive/texmf-dist/tex/generic/oberdiek/ifpdf.sty
Package: ifpdf 2011/01/30 v2.3 Provides the ifpdf switch (HO)
Package ifpdf Info: pdfTeX in PDF mode is detected.
)
(/usr/share/texlive/texmf-dist/tex/generic/ifxetex/ifxetex.sty
Package: ifxetex 2010/09/12 v0.6 Provides ifxetex conditional
)
(/usr/share/texlive/texmf-dist/tex/latex/xkeyval/xkeyval.sty
Package: xkeyval 2008/08/13 v2.6a package option processing (HA)

(/usr/share/texlive/texmf-dist/tex/generic/xkeyval/xkeyval.tex
\XKV@toks=\toks14
\XKV@tempa@toks=\toks15
\XKV@depth=\count88
File: xkeyval.tex 2008/08/13 v2.6a key=value parser (HA)

(/usr/share/texlive/texmf-dist/tex/generic/xkeyval/keyval.tex)))
(/usr/share/texlive/texmf-dist/tex/latex/currfile/currfile.sty
Package: currfile 2012/05/15 v0.7 Provides the file path elements of the curren
t input file

(/usr/share/texlive/texmf-dist/tex/latex/oberdiek/kvoptions.sty
Package: kvoptions 2011/06/30 v3.11 Key value format for package options (HO)

(/usr/share/texlive/texmf-dist/tex/generic/oberdiek/ltxcmds.sty
Package: ltxcmds 2011/11/09 v1.22 LaTeX kernel commands for general use (HO)
)
(/usr/share/texlive/texmf-dist/tex/generic/oberdiek/kvsetkeys.sty
Package: kvsetkeys 2012/04/25 v1.16 Key value parser (HO)

(/usr/share/texlive/texmf-dist/tex/generic/oberdiek/infwarerr.sty
Package: infwarerr 2010/04/08 v1.3 Providing info/warning/error messages (HO)
)
(/usr/share/texlive/texmf-dist/tex/generic/oberdiek/etexcmds.sty
Package: etexcmds 2011/02/16 v1.5 Avoid name clashes with e-TeX commands (HO)
Package etexcmds Info: Could not find \expanded.
(etexcmds)             That can mean that you are not using pdfTeX 1.50 or
(etexcmds)             that some package has redefined \expanded.
(etexcmds)             In the latter case, load this package earlier.
)))
(/usr/share/texlive/texmf-dist/tex/latex/filehook/filehook.sty
Package: filehook 2011/10/12 v0.5d Hooks for input files
)
\c@currfiledepth=\count89
)
\sa@out=\write3
 (./tesis.sta)
(/usr/share/texlive/texmf-dist/tex/latex/gincltex/gincltex.sty
(/usr/share/texlive/texmf-dist/tex/latex/svn-prov/svn-prov.sty
Package: svn-prov 2010/04/24 v3.1862 Package Date/Version from SVN Keywords
)
Package: gincltex 2011/09/04 v0.3 Include external LaTeX files like graphics

(/usr/share/texlive/texmf-dist/tex/latex/adjustbox/adjustbox.sty
Package: adjustbox 2012/05/21 v1.0 Adjusting TeX boxes (trim, clip, ...)

(/usr/share/texlive/texmf-dist/tex/latex/adjustbox/adjcalc.sty
Package: adjcalc 2012/05/16 v1.1 Provides advanced setlength with multiple back
-ends (calc, etex, pgfmath)
)
(/usr/share/texlive/texmf-dist/tex/latex/adjustbox/trimclip.sty
Package: trimclip 2012/05/16 v1.0 Trim and clip general TeX material

(/usr/share/texlive/texmf-dist/tex/latex/graphics/graphicx.sty
Package: graphicx 1999/02/16 v1.0f Enhanced LaTeX Graphics (DPC,SPQR)

(/usr/share/texlive/texmf-dist/tex/latex/graphics/graphics.sty
Package: graphics 2009/02/05 v1.0o Standard LaTeX Graphics (DPC,SPQR)

(/usr/share/texlive/texmf-dist/tex/latex/graphics/trig.sty
Package: trig 1999/03/16 v1.09 sin cos tan (DPC)
)
(/usr/share/texlive/texmf-dist/tex/latex/latexconfig/graphics.cfg
File: graphics.cfg 2010/04/23 v1.9 graphics configuration of TeX Live
)
Package graphics Info: Driver file: pdftex.def on input line 91.

(/usr/share/texlive/texmf-dist/tex/latex/pdftex-def/pdftex.def
File: pdftex.def 2011/05/27 v0.06d Graphics/color for pdfTeX
\Gread@gobject=\count90
))
\Gin@req@height=\dimen103
\Gin@req@width=\dimen104
)
(/usr/share/texlive/texmf-dist/tex/latex/collectbox/collectbox.sty
Package: collectbox 2012/05/17 v0.4b Collect macro arguments as boxes
\collectedbox=\box26
)
\tc@llx=\dimen105
\tc@lly=\dimen106
\tc@urx=\dimen107
\tc@ury=\dimen108
Package trimclip Info: Using driver 'tc-pdftex.def'.

(/usr/share/texlive/texmf-dist/tex/latex/adjustbox/tc-pdftex.def
File: tc-pdftex.def 2012/05/13 v1.0 Clipping driver for pdftex
))
\adjbox@Width=\dimen109
\adjbox@Height=\dimen110
\adjbox@Depth=\dimen111
\adjbox@Totalheight=\dimen112

(/usr/share/texlive/texmf-dist/tex/latex/ifoddpage/ifoddpage.sty
Package: ifoddpage 2011/09/13 v1.0 Conditionals for odd/even page detection
\c@checkoddpage=\count91
)
(/usr/share/texlive/texmf-dist/tex/latex/varwidth/varwidth.sty
Package: varwidth 2009/03/30 ver 0.92;  Variable-width minipages
\@vwid@box=\box27
\sift@deathcycles=\count92
\@vwid@loff=\dimen113
\@vwid@roff=\dimen114
))
\gincltex@box=\box28
)
(/usr/share/texlive/texmf-dist/tex/latex/filemod/filemod-expmin.sty
Package: filemod-expmin 2011/09/19 v1.2 Get and compare file modification times
 (expandable; minimal)
))
(./packages_used_standard.sty
Package: packages_used_standard 

(/usr/share/texlive/texmf-dist/tex/latex/amsmath/amsmath.sty
Package: amsmath 2000/07/18 v2.13 AMS math features
\@mathmargin=\skip43

For additional information on amsmath, use the `?' option.
(/usr/share/texlive/texmf-dist/tex/latex/amsmath/amstext.sty
Package: amstext 2000/06/29 v2.01

(/usr/share/texlive/texmf-dist/tex/latex/amsmath/amsgen.sty
File: amsgen.sty 1999/11/30 v2.0
\@emptytoks=\toks16
\ex@=\dimen115
))
(/usr/share/texlive/texmf-dist/tex/latex/amsmath/amsbsy.sty
Package: amsbsy 1999/11/29 v1.2d
\pmbraise@=\dimen116
)
(/usr/share/texlive/texmf-dist/tex/latex/amsmath/amsopn.sty
Package: amsopn 1999/12/14 v2.01 operator names
)
\inf@bad=\count93
LaTeX Info: Redefining \frac on input line 211.
\uproot@=\count94
\leftroot@=\count95
LaTeX Info: Redefining \overline on input line 307.
\classnum@=\count96
\DOTSCASE@=\count97
LaTeX Info: Redefining \ldots on input line 379.
LaTeX Info: Redefining \dots on input line 382.
LaTeX Info: Redefining \cdots on input line 467.
\Mathstrutbox@=\box29
\strutbox@=\box30
\big@size=\dimen117
LaTeX Font Info:    Redeclaring font encoding OML on input line 567.
LaTeX Font Info:    Redeclaring font encoding OMS on input line 568.
\macc@depth=\count98
\c@MaxMatrixCols=\count99
\dotsspace@=\muskip10
\c@parentequation=\count100
\dspbrk@lvl=\count101
\tag@help=\toks17
\row@=\count102
\column@=\count103
\maxfields@=\count104
\andhelp@=\toks18
\eqnshift@=\dimen118
\alignsep@=\dimen119
\tagshift@=\dimen120
\tagwidth@=\dimen121
\totwidth@=\dimen122
\lineht@=\dimen123
\@envbody=\toks19
\multlinegap=\skip44
\multlinetaggap=\skip45
\mathdisplay@stack=\toks20
LaTeX Info: Redefining \[ on input line 2666.
LaTeX Info: Redefining \] on input line 2667.
)
(/usr/share/texlive/texmf-dist/tex/latex/amsfonts/amssymb.sty
Package: amssymb 2009/06/22 v3.00

(/usr/share/texlive/texmf-dist/tex/latex/amsfonts/amsfonts.sty
Package: amsfonts 2009/06/22 v3.00 Basic AMSFonts support
\symAMSa=\mathgroup4
\symAMSb=\mathgroup5
LaTeX Font Info:    Overwriting math alphabet `\mathfrak' in version `bold'
(Font)                  U/euf/m/n --> U/euf/b/n on input line 96.
))
(/usr/share/texlive/texmf-dist/tex/latex/caption/caption.sty
Package: caption 2012/02/19 v3.2f Customizing captions (AR)

(/usr/share/texlive/texmf-dist/tex/latex/caption/caption3.sty
Package: caption3 2012/01/12 v1.4b caption3 kernel (AR)
\captionmargin=\dimen124
\captionmargin@=\dimen125
\captionwidth=\dimen126
\caption@indent=\dimen127
\caption@parindent=\dimen128
\caption@hangindent=\dimen129
)
\c@ContinuedFloat=\count105
)
(/usr/share/texlive/texmf-dist/tex/latex/comment/comment.sty
\CommentStream=\write4

Excluding comment 'comment')
(/usr/share/texlive/texmf-dist/tex/latex/eso-pic/eso-pic.sty
Package: eso-pic 2010/10/06 v2.0c eso-pic (RN)

(/usr/share/texlive/texmf-dist/tex/generic/oberdiek/atbegshi.sty
Package: atbegshi 2011/10/05 v1.16 At begin shipout hook (HO)
)
(/usr/share/texmf/tex/latex/xcolor/xcolor.sty
Package: xcolor 2007/01/21 v2.11 LaTeX color extensions (UK)

(/usr/share/texlive/texmf-dist/tex/latex/latexconfig/color.cfg
File: color.cfg 2007/01/18 v1.5 color configuration of teTeX/TeXLive
)
Package xcolor Info: Driver file: pdftex.def on input line 225.
Package xcolor Info: Model `cmy' substituted by `cmy0' on input line 1337.
Package xcolor Info: Model `hsb' substituted by `rgb' on input line 1341.
Package xcolor Info: Model `RGB' extended on input line 1353.
Package xcolor Info: Model `HTML' substituted by `rgb' on input line 1355.
Package xcolor Info: Model `Hsb' substituted by `hsb' on input line 1356.
Package xcolor Info: Model `tHsb' substituted by `hsb' on input line 1357.
Package xcolor Info: Model `HSB' substituted by `hsb' on input line 1358.
Package xcolor Info: Model `Gray' substituted by `gray' on input line 1359.
Package xcolor Info: Model `wave' substituted by `hsb' on input line 1360.
))
(/usr/share/texlive/texmf-dist/tex/latex/fancyhdr/fancyhdr.sty
\fancy@headwidth=\skip46
\f@ncyO@elh=\skip47
\f@ncyO@erh=\skip48
\f@ncyO@olh=\skip49
\f@ncyO@orh=\skip50
\f@ncyO@elf=\skip51
\f@ncyO@erf=\skip52
\f@ncyO@olf=\skip53
\f@ncyO@orf=\skip54
)
(/usr/share/texlive/texmf-dist/tex/latex/hyperref/hyperref.sty
Package: hyperref 2012/05/13 v6.82q Hypertext links for LaTeX

(/usr/share/texlive/texmf-dist/tex/generic/oberdiek/hobsub-hyperref.sty
Package: hobsub-hyperref 2012/05/28 v1.13 Bundle oberdiek, subset hyperref (HO)


(/usr/share/texlive/texmf-dist/tex/generic/oberdiek/hobsub-generic.sty
Package: hobsub-generic 2012/05/28 v1.13 Bundle oberdiek, subset generic (HO)
Package: hobsub 2012/05/28 v1.13 Construct package bundles (HO)
Package hobsub Info: Skipping package `infwarerr' (already loaded).
Package hobsub Info: Skipping package `ltxcmds' (already loaded).
Package hobsub Info: Skipping package `ifluatex' (already loaded).
Package: ifvtex 2010/03/01 v1.5 Detect VTeX and its facilities (HO)
Package ifvtex Info: VTeX not detected.
Package: intcalc 2007/09/27 v1.1 Expandable calculations with integers (HO)
Package hobsub Info: Skipping package `ifpdf' (already loaded).
Package hobsub Info: Skipping package `etexcmds' (already loaded).
Package hobsub Info: Skipping package `kvsetkeys' (already loaded).
Package: kvdefinekeys 2011/04/07 v1.3 Define keys (HO)
Package: pdftexcmds 2011/11/29 v0.20 Utility functions of pdfTeX for LuaTeX (HO
)
Package pdftexcmds Info: LuaTeX not detected.
Package pdftexcmds Info: \pdf@primitive is available.
Package pdftexcmds Info: \pdf@ifprimitive is available.
Package pdftexcmds Info: \pdfdraftmode found.
Package: pdfescape 2011/11/25 v1.13 Implements pdfTeX's escape features (HO)
Package: bigintcalc 2012/04/08 v1.3 Expandable calculations on big integers (HO
)
Package: bitset 2011/01/30 v1.1 Handle bit-vector datatype (HO)
Package: uniquecounter 2011/01/30 v1.2 Provide unlimited unique counter (HO)
)
Package hobsub Info: Skipping package `hobsub' (already loaded).
Package: letltxmacro 2010/09/02 v1.4 Let assignment for LaTeX macros (HO)
Package: hopatch 2012/05/28 v1.2 Wrapper for package hooks (HO)
Package: xcolor-patch 2011/01/30 xcolor patch
Package: atveryend 2011/06/30 v1.8 Hooks at the very end of document (HO)
Package atveryend Info: \enddocument detected (standard20110627).
Package hobsub Info: Skipping package `atbegshi' (already loaded).
Package: refcount 2011/10/16 v3.4 Data extraction from label references (HO)
Package: hycolor 2011/01/30 v1.7 Color options for hyperref/bookmark (HO)
)
\@linkdim=\dimen130
\Hy@linkcounter=\count106
\Hy@pagecounter=\count107

(/usr/share/texlive/texmf-dist/tex/latex/hyperref/pd1enc.def
File: pd1enc.def 2012/05/13 v6.82q Hyperref: PDFDocEncoding definition (HO)
)
\Hy@SavedSpaceFactor=\count108

(/usr/share/texlive/texmf-dist/tex/latex/latexconfig/hyperref.cfg
File: hyperref.cfg 2002/06/06 v1.2 hyperref configuration of TeXLive
)
Package hyperref Info: Hyper figures OFF on input line 4062.
Package hyperref Info: Link nesting OFF on input line 4067.
Package hyperref Info: Hyper index ON on input line 4070.
Package hyperref Info: Plain pages OFF on input line 4077.
Package hyperref Info: Backreferencing OFF on input line 4082.
Package hyperref Info: Implicit mode ON; LaTeX internals redefined.
Package hyperref Info: Bookmarks ON on input line 4300.
\c@Hy@tempcnt=\count109

(/usr/share/texlive/texmf-dist/tex/latex/url/url.sty
\Urlmuskip=\muskip11
Package: url 2006/04/12  ver 3.3  Verb mode for urls, etc.
)
LaTeX Info: Redefining \url on input line 4653.
\Fld@menulength=\count110
\Field@Width=\dimen131
\Fld@charsize=\dimen132
Package hyperref Info: Hyper figures OFF on input line 5773.
Package hyperref Info: Link nesting OFF on input line 5778.
Package hyperref Info: Hyper index ON on input line 5781.
Package hyperref Info: backreferencing OFF on input line 5788.
Package hyperref Info: Link coloring OFF on input line 5793.
Package hyperref Info: Link coloring with OCG OFF on input line 5798.
Package hyperref Info: PDF/A mode OFF on input line 5803.
LaTeX Info: Redefining \ref on input line 5843.
LaTeX Info: Redefining \pageref on input line 5847.
\Hy@abspage=\count111
\c@Item=\count112
\c@Hfootnote=\count113
)

Package hyperref Message: Driver (autodetected): hpdftex.

(/usr/share/texlive/texmf-dist/tex/latex/hyperref/hpdftex.def
File: hpdftex.def 2012/05/13 v6.82q Hyperref driver for pdfTeX
\Fld@listcount=\count114
\c@bookmark@seq@number=\count115

(/usr/share/texlive/texmf-dist/tex/latex/oberdiek/rerunfilecheck.sty
Package: rerunfilecheck 2011/04/15 v1.7 Rerun checks for auxiliary files (HO)
Package uniquecounter Info: New unique counter `rerunfilecheck' on input line 2
82.
)
\Hy@SectionHShift=\skip55
)
(/usr/share/texlive/texmf-dist/tex/latex/psnfss/mathptmx.sty
Package: mathptmx 2005/04/12 PSNFSS-v9.2a Times w/ Math, improved (SPQR, WaS) 
LaTeX Font Info:    Redeclaring symbol font `operators' on input line 28.
LaTeX Font Info:    Overwriting symbol font `operators' in version `normal'
(Font)                  OT1/cmr/m/n --> OT1/ztmcm/m/n on input line 28.
LaTeX Font Info:    Overwriting symbol font `operators' in version `bold'
(Font)                  OT1/cmr/bx/n --> OT1/ztmcm/m/n on input line 28.
LaTeX Font Info:    Redeclaring symbol font `letters' on input line 29.
LaTeX Font Info:    Overwriting symbol font `letters' in version `normal'
(Font)                  OML/cmm/m/it --> OML/ztmcm/m/it on input line 29.
LaTeX Font Info:    Overwriting symbol font `letters' in version `bold'
(Font)                  OML/cmm/b/it --> OML/ztmcm/m/it on input line 29.
LaTeX Font Info:    Redeclaring symbol font `symbols' on input line 30.
LaTeX Font Info:    Overwriting symbol font `symbols' in version `normal'
(Font)                  OMS/cmsy/m/n --> OMS/ztmcm/m/n on input line 30.
LaTeX Font Info:    Overwriting symbol font `symbols' in version `bold'
(Font)                  OMS/cmsy/b/n --> OMS/ztmcm/m/n on input line 30.
LaTeX Font Info:    Redeclaring symbol font `largesymbols' on input line 31.
LaTeX Font Info:    Overwriting symbol font `largesymbols' in version `normal'
(Font)                  OMX/cmex/m/n --> OMX/ztmcm/m/n on input line 31.
LaTeX Font Info:    Overwriting symbol font `largesymbols' in version `bold'
(Font)                  OMX/cmex/m/n --> OMX/ztmcm/m/n on input line 31.
\symbold=\mathgroup6
\symitalic=\mathgroup7
LaTeX Font Info:    Redeclaring math alphabet \mathbf on input line 34.
LaTeX Font Info:    Overwriting math alphabet `\mathbf' in version `normal'
(Font)                  OT1/cmr/bx/n --> OT1/ptm/bx/n on input line 34.
LaTeX Font Info:    Overwriting math alphabet `\mathbf' in version `bold'
(Font)                  OT1/cmr/bx/n --> OT1/ptm/bx/n on input line 34.
LaTeX Font Info:    Redeclaring math alphabet \mathit on input line 35.
LaTeX Font Info:    Overwriting math alphabet `\mathit' in version `normal'
(Font)                  OT1/cmr/m/it --> OT1/ptm/m/it on input line 35.
LaTeX Font Info:    Overwriting math alphabet `\mathit' in version `bold'
(Font)                  OT1/cmr/bx/it --> OT1/ptm/m/it on input line 35.
LaTeX Info: Redefining \hbar on input line 50.
)
(/usr/share/texlive/texmf-dist/tex/latex/titlesec/titlesec.sty
Package: titlesec 2011/12/15 v2.10.0 Sectioning titles
\ttl@box=\box31
\beforetitleunit=\skip56
\aftertitleunit=\skip57
\ttl@plus=\dimen133
\ttl@minus=\dimen134
\ttl@toksa=\toks21
\titlewidth=\dimen135
\titlewidthlast=\dimen136
\titlewidthfirst=\dimen137
)
(/usr/share/texlive/texmf-dist/tex/latex/tools/afterpage.sty
Package: afterpage 1995/10/27 v1.08 After-Page Package (DPC)
\AP@output=\toks22
\AP@partial=\box32
\AP@footins=\box33
)
(/usr/share/texlive/texmf-dist/tex/latex/tools/enumerate.sty
Package: enumerate 1999/03/05 v3.00 enumerate extensions (DPC)
\@enLab=\toks23
)
(/usr/share/texlive/texmf-dist/tex/latex/oberdiek/transparent.sty
Package: transparent 2007/01/08 v1.0 Transparency via pdfTeX's color stack (HO)


(/usr/share/texlive/texmf-dist/tex/latex/oberdiek/auxhook.sty
Package: auxhook 2011/03/04 v1.3 Hooks for auxiliary files (HO)
))
(/usr/share/texlive/texmf-dist/tex/latex/bbding/bbding.sty
Package: bbding 1999/04/15 v1.01 Dingbats symbols
)
(/var/lib/texmf/tex/generic/babel/babel.sty
Package: babel 2008/07/08 v3.8m The Babel package

(/usr/share/texlive/texmf-dist/tex/generic/babel/russianb.ldf
Language: russianb 2008/03/21 v1.1r Russian support from the babel system

(/usr/share/texlive/texmf-dist/tex/generic/babel/babel.def
File: babel.def 2008/07/08 v3.8m Babel common definitions
\babel@savecnt=\count116
\U@D=\dimen138
)
(/usr/share/texlive/texmf-dist/tex/latex/cyrillic/t2aenc.def
File: t2aenc.def 2005/09/27 v1.0i Cyrillic encoding definition file
)

Package babel Warning: No input encoding specified for Russian language on inpu
t line 136.

Package babel Info: Making " an active character on input line 199.
) (/usr/share/texlive/texmf-dist/tex/generic/babel/spanish.ldf
Language: spanish.ldf 2011/10/06 v5.0k Spanish support from the babel system
\es@datefmt=\count117
\es@quottoks=\toks24
\es@quotdepth=\count118
Package babel Info: Making " an active character on input line 496.
Package babel Info: Making . an active character on input line 599.
Package babel Info: Making < an active character on input line 644.
Package babel Info: Making > an active character on input line 644.
))
(/usr/share/texlive/texmf-dist/tex/latex/base/inputenc.sty
Package: inputenc 2008/03/30 v1.1d Input encoding file
\inpenc@prehook=\toks25
\inpenc@posthook=\toks26

(/usr/share/texlive/texmf-dist/tex/latex/base/utf8.def
File: utf8.def 2008/04/05 v1.1m UTF-8 support for inputenc
Now handling font encoding OML ...
... no UTF-8 mapping file for font encoding OML
Now handling font encoding T1 ...
... processing UTF-8 mapping file for font encoding T1

(/usr/share/texlive/texmf-dist/tex/latex/base/t1enc.dfu
File: t1enc.dfu 2008/04/05 v1.1m UTF-8 support for inputenc
   defining Unicode char U+00A1 (decimal 161)
   defining Unicode char U+00A3 (decimal 163)
   defining Unicode char U+00AB (decimal 171)
   defining Unicode char U+00BB (decimal 187)
   defining Unicode char U+00BF (decimal 191)
   defining Unicode char U+00C0 (decimal 192)
   defining Unicode char U+00C1 (decimal 193)
   defining Unicode char U+00C2 (decimal 194)
   defining Unicode char U+00C3 (decimal 195)
   defining Unicode char U+00C4 (decimal 196)
   defining Unicode char U+00C5 (decimal 197)
   defining Unicode char U+00C6 (decimal 198)
   defining Unicode char U+00C7 (decimal 199)
   defining Unicode char U+00C8 (decimal 200)
   defining Unicode char U+00C9 (decimal 201)
   defining Unicode char U+00CA (decimal 202)
   defining Unicode char U+00CB (decimal 203)
   defining Unicode char U+00CC (decimal 204)
   defining Unicode char U+00CD (decimal 205)
   defining Unicode char U+00CE (decimal 206)
   defining Unicode char U+00CF (decimal 207)
   defining Unicode char U+00D0 (decimal 208)
   defining Unicode char U+00D1 (decimal 209)
   defining Unicode char U+00D2 (decimal 210)
   defining Unicode char U+00D3 (decimal 211)
   defining Unicode char U+00D4 (decimal 212)
   defining Unicode char U+00D5 (decimal 213)
   defining Unicode char U+00D6 (decimal 214)
   defining Unicode char U+00D8 (decimal 216)
   defining Unicode char U+00D9 (decimal 217)
   defining Unicode char U+00DA (decimal 218)
   defining Unicode char U+00DB (decimal 219)
   defining Unicode char U+00DC (decimal 220)
   defining Unicode char U+00DD (decimal 221)
   defining Unicode char U+00DE (decimal 222)
   defining Unicode char U+00DF (decimal 223)
   defining Unicode char U+00E0 (decimal 224)
   defining Unicode char U+00E1 (decimal 225)
   defining Unicode char U+00E2 (decimal 226)
   defining Unicode char U+00E3 (decimal 227)
   defining Unicode char U+00E4 (decimal 228)
   defining Unicode char U+00E5 (decimal 229)
   defining Unicode char U+00E6 (decimal 230)
   defining Unicode char U+00E7 (decimal 231)
   defining Unicode char U+00E8 (decimal 232)
   defining Unicode char U+00E9 (decimal 233)
   defining Unicode char U+00EA (decimal 234)
   defining Unicode char U+00EB (decimal 235)
   defining Unicode char U+00EC (decimal 236)
   defining Unicode char U+00ED (decimal 237)
   defining Unicode char U+00EE (decimal 238)
   defining Unicode char U+00EF (decimal 239)
   defining Unicode char U+00F0 (decimal 240)
   defining Unicode char U+00F1 (decimal 241)
   defining Unicode char U+00F2 (decimal 242)
   defining Unicode char U+00F3 (decimal 243)
   defining Unicode char U+00F4 (decimal 244)
   defining Unicode char U+00F5 (decimal 245)
   defining Unicode char U+00F6 (decimal 246)
   defining Unicode char U+00F8 (decimal 248)
   defining Unicode char U+00F9 (decimal 249)
   defining Unicode char U+00FA (decimal 250)
   defining Unicode char U+00FB (decimal 251)
   defining Unicode char U+00FC (decimal 252)
   defining Unicode char U+00FD (decimal 253)
   defining Unicode char U+00FE (decimal 254)
   defining Unicode char U+00FF (decimal 255)
   defining Unicode char U+0102 (decimal 258)
   defining Unicode char U+0103 (decimal 259)
   defining Unicode char U+0104 (decimal 260)
   defining Unicode char U+0105 (decimal 261)
   defining Unicode char U+0106 (decimal 262)
   defining Unicode char U+0107 (decimal 263)
   defining Unicode char U+010C (decimal 268)
   defining Unicode char U+010D (decimal 269)
   defining Unicode char U+010E (decimal 270)
   defining Unicode char U+010F (decimal 271)
   defining Unicode char U+0110 (decimal 272)
   defining Unicode char U+0111 (decimal 273)
   defining Unicode char U+0118 (decimal 280)
   defining Unicode char U+0119 (decimal 281)
   defining Unicode char U+011A (decimal 282)
   defining Unicode char U+011B (decimal 283)
   defining Unicode char U+011E (decimal 286)
   defining Unicode char U+011F (decimal 287)
   defining Unicode char U+0130 (decimal 304)
   defining Unicode char U+0131 (decimal 305)
   defining Unicode char U+0132 (decimal 306)
   defining Unicode char U+0133 (decimal 307)
   defining Unicode char U+0139 (decimal 313)
   defining Unicode char U+013A (decimal 314)
   defining Unicode char U+013D (decimal 317)
   defining Unicode char U+013E (decimal 318)
   defining Unicode char U+0141 (decimal 321)
   defining Unicode char U+0142 (decimal 322)
   defining Unicode char U+0143 (decimal 323)
   defining Unicode char U+0144 (decimal 324)
   defining Unicode char U+0147 (decimal 327)
   defining Unicode char U+0148 (decimal 328)
   defining Unicode char U+014A (decimal 330)
   defining Unicode char U+014B (decimal 331)
   defining Unicode char U+0150 (decimal 336)
   defining Unicode char U+0151 (decimal 337)
   defining Unicode char U+0152 (decimal 338)
   defining Unicode char U+0153 (decimal 339)
   defining Unicode char U+0154 (decimal 340)
   defining Unicode char U+0155 (decimal 341)
   defining Unicode char U+0158 (decimal 344)
   defining Unicode char U+0159 (decimal 345)
   defining Unicode char U+015A (decimal 346)
   defining Unicode char U+015B (decimal 347)
   defining Unicode char U+015E (decimal 350)
   defining Unicode char U+015F (decimal 351)
   defining Unicode char U+0160 (decimal 352)
   defining Unicode char U+0161 (decimal 353)
   defining Unicode char U+0162 (decimal 354)
   defining Unicode char U+0163 (decimal 355)
   defining Unicode char U+0164 (decimal 356)
   defining Unicode char U+0165 (decimal 357)
   defining Unicode char U+016E (decimal 366)
   defining Unicode char U+016F (decimal 367)
   defining Unicode char U+0170 (decimal 368)
   defining Unicode char U+0171 (decimal 369)
   defining Unicode char U+0178 (decimal 376)
   defining Unicode char U+0179 (decimal 377)
   defining Unicode char U+017A (decimal 378)
   defining Unicode char U+017B (decimal 379)
   defining Unicode char U+017C (decimal 380)
   defining Unicode char U+017D (decimal 381)
   defining Unicode char U+017E (decimal 382)
   defining Unicode char U+200C (decimal 8204)
   defining Unicode char U+2013 (decimal 8211)
   defining Unicode char U+2014 (decimal 8212)
   defining Unicode char U+2018 (decimal 8216)
   defining Unicode char U+2019 (decimal 8217)
   defining Unicode char U+201A (decimal 8218)
   defining Unicode char U+201C (decimal 8220)
   defining Unicode char U+201D (decimal 8221)
   defining Unicode char U+201E (decimal 8222)
   defining Unicode char U+2030 (decimal 8240)
   defining Unicode char U+2031 (decimal 8241)
   defining Unicode char U+2039 (decimal 8249)
   defining Unicode char U+203A (decimal 8250)
   defining Unicode char U+2423 (decimal 9251)
)
Now handling font encoding OT1 ...
... processing UTF-8 mapping file for font encoding OT1

(/usr/share/texlive/texmf-dist/tex/latex/base/ot1enc.dfu
File: ot1enc.dfu 2008/04/05 v1.1m UTF-8 support for inputenc
   defining Unicode char U+00A1 (decimal 161)
   defining Unicode char U+00A3 (decimal 163)
   defining Unicode char U+00B8 (decimal 184)
   defining Unicode char U+00BF (decimal 191)
   defining Unicode char U+00C5 (decimal 197)
   defining Unicode char U+00C6 (decimal 198)
   defining Unicode char U+00D8 (decimal 216)
   defining Unicode char U+00DF (decimal 223)
   defining Unicode char U+00E6 (decimal 230)
   defining Unicode char U+00EC (decimal 236)
   defining Unicode char U+00ED (decimal 237)
   defining Unicode char U+00EE (decimal 238)
   defining Unicode char U+00EF (decimal 239)
   defining Unicode char U+00F8 (decimal 248)
   defining Unicode char U+0131 (decimal 305)
   defining Unicode char U+0141 (decimal 321)
   defining Unicode char U+0142 (decimal 322)
   defining Unicode char U+0152 (decimal 338)
   defining Unicode char U+0153 (decimal 339)
   defining Unicode char U+2013 (decimal 8211)
   defining Unicode char U+2014 (decimal 8212)
   defining Unicode char U+2018 (decimal 8216)
   defining Unicode char U+2019 (decimal 8217)
   defining Unicode char U+201C (decimal 8220)
   defining Unicode char U+201D (decimal 8221)
)
Now handling font encoding OMS ...
... processing UTF-8 mapping file for font encoding OMS

(/usr/share/texlive/texmf-dist/tex/latex/base/omsenc.dfu
File: omsenc.dfu 2008/04/05 v1.1m UTF-8 support for inputenc
   defining Unicode char U+00A7 (decimal 167)
   defining Unicode char U+00B6 (decimal 182)
   defining Unicode char U+00B7 (decimal 183)
   defining Unicode char U+2020 (decimal 8224)
   defining Unicode char U+2021 (decimal 8225)
   defining Unicode char U+2022 (decimal 8226)
)
Now handling font encoding OMX ...
... no UTF-8 mapping file for font encoding OMX
Now handling font encoding U ...
... no UTF-8 mapping file for font encoding U
Now handling font encoding PD1 ...
... no UTF-8 mapping file for font encoding PD1
Now handling font encoding T2A ...
... processing UTF-8 mapping file for font encoding T2A

(/usr/share/texlive/texmf-dist/tex/latex/base/t2aenc.dfu
File: t2aenc.dfu 2008/04/05 v1.1m UTF-8 support for inputenc
   defining Unicode char U+00A4 (decimal 164)
   defining Unicode char U+00A7 (decimal 167)
   defining Unicode char U+00AB (decimal 171)
   defining Unicode char U+00BB (decimal 187)
   defining Unicode char U+0131 (decimal 305)
   defining Unicode char U+0400 (decimal 1024)
   defining Unicode char U+0401 (decimal 1025)
   defining Unicode char U+0402 (decimal 1026)
   defining Unicode char U+0403 (decimal 1027)
   defining Unicode char U+0404 (decimal 1028)
   defining Unicode char U+0405 (decimal 1029)
   defining Unicode char U+0406 (decimal 1030)
   defining Unicode char U+0407 (decimal 1031)
   defining Unicode char U+0408 (decimal 1032)
   defining Unicode char U+0409 (decimal 1033)
   defining Unicode char U+040A (decimal 1034)
   defining Unicode char U+040B (decimal 1035)
   defining Unicode char U+040C (decimal 1036)
   defining Unicode char U+040D (decimal 1037)
   defining Unicode char U+040E (decimal 1038)
   defining Unicode char U+040F (decimal 1039)
   defining Unicode char U+0410 (decimal 1040)
   defining Unicode char U+0411 (decimal 1041)
   defining Unicode char U+0412 (decimal 1042)
   defining Unicode char U+0413 (decimal 1043)
   defining Unicode char U+0414 (decimal 1044)
   defining Unicode char U+0415 (decimal 1045)
   defining Unicode char U+0416 (decimal 1046)
   defining Unicode char U+0417 (decimal 1047)
   defining Unicode char U+0418 (decimal 1048)
   defining Unicode char U+0419 (decimal 1049)
   defining Unicode char U+041A (decimal 1050)
   defining Unicode char U+041B (decimal 1051)
   defining Unicode char U+041C (decimal 1052)
   defining Unicode char U+041D (decimal 1053)
   defining Unicode char U+041E (decimal 1054)
   defining Unicode char U+041F (decimal 1055)
   defining Unicode char U+0420 (decimal 1056)
   defining Unicode char U+0421 (decimal 1057)
   defining Unicode char U+0422 (decimal 1058)
   defining Unicode char U+0423 (decimal 1059)
   defining Unicode char U+0424 (decimal 1060)
   defining Unicode char U+0425 (decimal 1061)
   defining Unicode char U+0426 (decimal 1062)
   defining Unicode char U+0427 (decimal 1063)
   defining Unicode char U+0428 (decimal 1064)
   defining Unicode char U+0429 (decimal 1065)
   defining Unicode char U+042A (decimal 1066)
   defining Unicode char U+042B (decimal 1067)
   defining Unicode char U+042C (decimal 1068)
   defining Unicode char U+042D (decimal 1069)
   defining Unicode char U+042E (decimal 1070)
   defining Unicode char U+042F (decimal 1071)
   defining Unicode char U+0430 (decimal 1072)
   defining Unicode char U+0431 (decimal 1073)
   defining Unicode char U+0432 (decimal 1074)
   defining Unicode char U+0433 (decimal 1075)
   defining Unicode char U+0434 (decimal 1076)
   defining Unicode char U+0435 (decimal 1077)
   defining Unicode char U+0436 (decimal 1078)
   defining Unicode char U+0437 (decimal 1079)
   defining Unicode char U+0438 (decimal 1080)
   defining Unicode char U+0439 (decimal 1081)
   defining Unicode char U+043A (decimal 1082)
   defining Unicode char U+043B (decimal 1083)
   defining Unicode char U+043C (decimal 1084)
   defining Unicode char U+043D (decimal 1085)
   defining Unicode char U+043E (decimal 1086)
   defining Unicode char U+043F (decimal 1087)
   defining Unicode char U+0440 (decimal 1088)
   defining Unicode char U+0441 (decimal 1089)
   defining Unicode char U+0442 (decimal 1090)
   defining Unicode char U+0443 (decimal 1091)
   defining Unicode char U+0444 (decimal 1092)
   defining Unicode char U+0445 (decimal 1093)
   defining Unicode char U+0446 (decimal 1094)
   defining Unicode char U+0447 (decimal 1095)
   defining Unicode char U+0448 (decimal 1096)
   defining Unicode char U+0449 (decimal 1097)
   defining Unicode char U+044A (decimal 1098)
   defining Unicode char U+044B (decimal 1099)
   defining Unicode char U+044C (decimal 1100)
   defining Unicode char U+044D (decimal 1101)
   defining Unicode char U+044E (decimal 1102)
   defining Unicode char U+044F (decimal 1103)
   defining Unicode char U+0450 (decimal 1104)
   defining Unicode char U+0451 (decimal 1105)
   defining Unicode char U+0452 (decimal 1106)
   defining Unicode char U+0453 (decimal 1107)
   defining Unicode char U+0454 (decimal 1108)
   defining Unicode char U+0455 (decimal 1109)
   defining Unicode char U+0456 (decimal 1110)
   defining Unicode char U+0457 (decimal 1111)
   defining Unicode char U+0458 (decimal 1112)
   defining Unicode char U+0459 (decimal 1113)
   defining Unicode char U+045A (decimal 1114)
   defining Unicode char U+045B (decimal 1115)
   defining Unicode char U+045C (decimal 1116)
   defining Unicode char U+045D (decimal 1117)
   defining Unicode char U+045E (decimal 1118)
   defining Unicode char U+045F (decimal 1119)
   defining Unicode char U+0490 (decimal 1168)
   defining Unicode char U+0491 (decimal 1169)
   defining Unicode char U+0492 (decimal 1170)
   defining Unicode char U+0493 (decimal 1171)
   defining Unicode char U+0496 (decimal 1174)
   defining Unicode char U+0497 (decimal 1175)
   defining Unicode char U+0498 (decimal 1176)
   defining Unicode char U+0499 (decimal 1177)
   defining Unicode char U+049A (decimal 1178)
   defining Unicode char U+049B (decimal 1179)
   defining Unicode char U+049C (decimal 1180)
   defining Unicode char U+049D (decimal 1181)
   defining Unicode char U+04A0 (decimal 1184)
   defining Unicode char U+04A1 (decimal 1185)
   defining Unicode char U+04A2 (decimal 1186)
   defining Unicode char U+04A3 (decimal 1187)
   defining Unicode char U+04A4 (decimal 1188)
   defining Unicode char U+04A5 (decimal 1189)
   defining Unicode char U+04AA (decimal 1194)
   defining Unicode char U+04AB (decimal 1195)
   defining Unicode char U+04AE (decimal 1198)
   defining Unicode char U+04AF (decimal 1199)
   defining Unicode char U+04B0 (decimal 1200)
   defining Unicode char U+04B1 (decimal 1201)
   defining Unicode char U+04B2 (decimal 1202)
   defining Unicode char U+04B3 (decimal 1203)
   defining Unicode char U+04B6 (decimal 1206)
   defining Unicode char U+04B7 (decimal 1207)
   defining Unicode char U+04B8 (decimal 1208)
   defining Unicode char U+04B9 (decimal 1209)
   defining Unicode char U+04BA (decimal 1210)
   defining Unicode char U+04BB (decimal 1211)
   defining Unicode char U+04C0 (decimal 1216)
   defining Unicode char U+04C1 (decimal 1217)
   defining Unicode char U+04C2 (decimal 1218)
   defining Unicode char U+04D0 (decimal 1232)
   defining Unicode char U+04D1 (decimal 1233)
   defining Unicode char U+04D2 (decimal 1234)
   defining Unicode char U+04D3 (decimal 1235)
   defining Unicode char U+04D4 (decimal 1236)
   defining Unicode char U+04D5 (decimal 1237)
   defining Unicode char U+04D6 (decimal 1238)
   defining Unicode char U+04D7 (decimal 1239)
   defining Unicode char U+04D8 (decimal 1240)
   defining Unicode char U+04D9 (decimal 1241)
   defining Unicode char U+04DA (decimal 1242)
   defining Unicode char U+04DB (decimal 1243)
   defining Unicode char U+04DC (decimal 1244)
   defining Unicode char U+04DD (decimal 1245)
   defining Unicode char U+04DE (decimal 1246)
   defining Unicode char U+04DF (decimal 1247)
   defining Unicode char U+04E2 (decimal 1250)
   defining Unicode char U+04E3 (decimal 1251)
   defining Unicode char U+04E4 (decimal 1252)
   defining Unicode char U+04E5 (decimal 1253)
   defining Unicode char U+04E6 (decimal 1254)
   defining Unicode char U+04E7 (decimal 1255)
   defining Unicode char U+04E8 (decimal 1256)
   defining Unicode char U+04E9 (decimal 1257)
   defining Unicode char U+04EC (decimal 1260)
   defining Unicode char U+04ED (decimal 1261)
   defining Unicode char U+04EE (decimal 1262)
   defining Unicode char U+04EF (decimal 1263)
   defining Unicode char U+04F0 (decimal 1264)
   defining Unicode char U+04F1 (decimal 1265)
   defining Unicode char U+04F2 (decimal 1266)
   defining Unicode char U+04F3 (decimal 1267)
   defining Unicode char U+04F4 (decimal 1268)
   defining Unicode char U+04F5 (decimal 1269)
   defining Unicode char U+04F8 (decimal 1272)
   defining Unicode char U+04F9 (decimal 1273)
   defining Unicode char U+200C (decimal 8204)
   defining Unicode char U+2013 (decimal 8211)
   defining Unicode char U+2014 (decimal 8212)
   defining Unicode char U+2018 (decimal 8216)
   defining Unicode char U+2019 (decimal 8217)
   defining Unicode char U+201C (decimal 8220)
   defining Unicode char U+201D (decimal 8221)
   defining Unicode char U+201E (decimal 8222)
   defining Unicode char U+2030 (decimal 8240)
   defining Unicode char U+2031 (decimal 8241)
   defining Unicode char U+2116 (decimal 8470)
   defining Unicode char U+2329 (decimal 9001)
   defining Unicode char U+232A (decimal 9002)
   defining Unicode char U+2423 (decimal 9251)
)
   defining Unicode char U+00A9 (decimal 169)
   defining Unicode char U+00AA (decimal 170)
   defining Unicode char U+00AE (decimal 174)
   defining Unicode char U+00BA (decimal 186)
   defining Unicode char U+02C6 (decimal 710)
   defining Unicode char U+02DC (decimal 732)
   defining Unicode char U+200C (decimal 8204)
   defining Unicode char U+2026 (decimal 8230)
   defining Unicode char U+2122 (decimal 8482)
   defining Unicode char U+2423 (decimal 9251)
))
(/usr/share/texlive/texmf-dist/tex/latex/ms/ragged2e.sty
Package: ragged2e 2009/05/21 v2.1 ragged2e Package (MS)


LaTeX Warning: Command \@arrayparboxrestore  has changed.
               Check if current package is valid.

(/usr/share/texlive/texmf-dist/tex/latex/ms/everysel.sty
Package: everysel 2011/10/28 v1.2 EverySelectfont Package (MS)
)
(/usr/share/texlive/texmf-dist/tex/latex/footmisc/footmisc.sty
Package: footmisc 2011/06/06 v5.5b a miscellany of footnote facilities
\FN@temptoken=\toks27
\footnotemargin=\dimen139
\c@pp@next@reset=\count119
Package footmisc Info: Declaring symbol style bringhurst on input line 855.
Package footmisc Info: Declaring symbol style chicago on input line 863.
Package footmisc Info: Declaring symbol style wiley on input line 872.
Package footmisc Info: Declaring symbol style lamport-robust on input line 883.

Package footmisc Info: Declaring symbol style lamport* on input line 903.
Package footmisc Info: Declaring symbol style lamport*-robust on input line 924
.
)
\CenteringLeftskip=\skip58
\RaggedLeftLeftskip=\skip59
\RaggedRightLeftskip=\skip60
\CenteringRightskip=\skip61
\RaggedLeftRightskip=\skip62
\RaggedRightRightskip=\skip63
\CenteringParfillskip=\skip64
\RaggedLeftParfillskip=\skip65
\RaggedRightParfillskip=\skip66
\JustifyingParfillskip=\skip67
\CenteringParindent=\skip68
\RaggedLeftParindent=\skip69
\RaggedRightParindent=\skip70
\JustifyingParindent=\skip71
)
(/usr/share/texlive/texmf-dist/tex/latex/geometry/geometry.sty
Package: geometry 2010/09/12 v5.6 Page Geometry
\Gm@cnth=\count120
\Gm@cntv=\count121
\c@Gm@tempcnt=\count122
\Gm@bindingoffset=\dimen140
\Gm@wd@mp=\dimen141
\Gm@odd@mp=\dimen142
\Gm@even@mp=\dimen143
\Gm@layoutwidth=\dimen144
\Gm@layoutheight=\dimen145
\Gm@layouthoffset=\dimen146
\Gm@layoutvoffset=\dimen147
\Gm@dimlist=\toks28
))
Package hyperref Info: Option `colorlinks' set `true' on input line 41.
 (./tesis.aux
LaTeX Info: Redefining \. on input line 24.
LaTeX Info: Redefining \% on input line 24.
LaTeX Font Info:    Try loading font information for T2A+cmr on input line 28.

(/usr/share/texlive/texmf-dist/tex/latex/cyrillic/t2acmr.fd
File: t2acmr.fd 2001/08/11 v1.0a Computer Modern Cyrillic font definitions
)
LaTeX Info: Redefining \. on input line 32.
LaTeX Info: Redefining \% on input line 32.
LaTeX Info: Redefining \. on input line 40.
LaTeX Info: Redefining \% on input line 40.
LaTeX Info: Redefining \. on input line 48.
LaTeX Info: Redefining \% on input line 48.
LaTeX Info: Redefining \. on input line 56.
LaTeX Info: Redefining \% on input line 56.
LaTeX Info: Redefining \. on input line 64.
LaTeX Info: Redefining \% on input line 64.
LaTeX Info: Redefining \. on input line 72.
LaTeX Info: Redefining \% on input line 72.


LaTeX Warning: Label `sec:c2_5' multiply defined.

)
\openout1 = `tesis.aux'.

LaTeX Font Info:    Checking defaults for OML/cmm/m/it on input line 101.
LaTeX Font Info:    ... okay on input line 101.
LaTeX Font Info:    Checking defaults for T1/cmr/m/n on input line 101.
LaTeX Font Info:    ... okay on input line 101.
LaTeX Font Info:    Checking defaults for OT1/cmr/m/n on input line 101.
LaTeX Font Info:    ... okay on input line 101.
LaTeX Font Info:    Checking defaults for OMS/cmsy/m/n on input line 101.
LaTeX Font Info:    ... okay on input line 101.
LaTeX Font Info:    Checking defaults for OMX/cmex/m/n on input line 101.
LaTeX Font Info:    ... okay on input line 101.
LaTeX Font Info:    Checking defaults for U/cmr/m/n on input line 101.
LaTeX Font Info:    ... okay on input line 101.
LaTeX Font Info:    Checking defaults for PD1/pdf/m/n on input line 101.
LaTeX Font Info:    ... okay on input line 101.
LaTeX Font Info:    Checking defaults for T2A/cmr/m/n on input line 101.
LaTeX Font Info:    ... okay on input line 101.
LaTeX Font Info:    Try loading font information for OT1+ptm on input line 101.

 (/usr/share/texlive/texmf-dist/tex/latex/psnfss/ot1ptm.fd
File: ot1ptm.fd 2001/06/04 font definitions for OT1/ptm.
) (./tesis.sta)
\openout3 = `tesis.sta'.


(/usr/share/texlive/texmf-dist/tex/context/base/supp-pdf.mkii
[Loading MPS to PDF converter (version 2006.09.02).]
\scratchcounter=\count123
\scratchdimen=\dimen148
\scratchbox=\box34
\nofMPsegments=\count124
\nofMParguments=\count125
\everyMPshowfont=\toks29
\MPscratchCnt=\count126
\MPscratchDim=\dimen149
\MPnumerator=\count127
\makeMPintoPDFobject=\count128
\everyMPtoPDFconversion=\toks30
) (/usr/share/texlive/texmf-dist/tex/latex/oberdiek/epstopdf-base.sty
Package: epstopdf-base 2010/02/09 v2.5 Base part for package epstopdf

(/usr/share/texlive/texmf-dist/tex/latex/oberdiek/grfext.sty
Package: grfext 2010/08/19 v1.1 Manage graphics extensions (HO)
)
Package grfext Info: Graphics extension search list:
(grfext)             [.png,.pdf,.jpg,.mps,.jpeg,.jbig2,.jb2,.PNG,.PDF,.JPG,.JPE
G,.JBIG2,.JB2,.eps]
(grfext)             \AppendGraphicsExtensions on input line 452.

(/usr/share/texlive/texmf-dist/tex/latex/latexconfig/epstopdf-sys.cfg
File: epstopdf-sys.cfg 2010/07/13 v1.3 Configuration of (r)epstopdf for TeX Liv
e
))
Package caption Info: Begin \AtBeginDocument code.
Package caption Info: hyperref package is loaded.
Package caption Info: End \AtBeginDocument code.
\AtBeginShipoutBox=\box35
Package hyperref Info: Link coloring ON on input line 101.

(/usr/share/texlive/texmf-dist/tex/latex/hyperref/nameref.sty
Package: nameref 2010/04/30 v2.40 Cross-referencing by name of section

(/usr/share/texlive/texmf-dist/tex/generic/oberdiek/gettitlestring.sty
Package: gettitlestring 2010/12/03 v1.4 Cleanup title references (HO)
)
\c@section@level=\count129
)
LaTeX Info: Redefining \ref on input line 101.
LaTeX Info: Redefining \pageref on input line 101.
LaTeX Info: Redefining \nameref on input line 101.

(./tesis.out) (./tesis.out)
\@outlinefile=\write5
\openout5 = `tesis.out'.

LaTeX Info: Redefining \. on input line 101.
LaTeX Info: Redefining \% on input line 101.
Package ragged2e Info: ABD: executing \RaggedRight on input line 101.
 ABD: EverySelectfont initializing macros
LaTeX Info: Redefining \selectfont on input line 101.

*geometry* driver: auto-detecting
*geometry* detected driver: pdftex
*geometry* verbose mode - [ preamble ] result:
* driver: pdftex
* paper: <default>
* layout: <same size as paper>
* layoutoffset:(h,v)=(0.0pt,0.0pt)
* modes: twoside 
* h-part:(L,W,R)=(91.04872pt, 432.19756pt, 91.04872pt)
* v-part:(T,H,B)=(91.04872pt, 612.87254pt, 91.04872pt)
* \paperwidth=614.295pt
* \paperheight=794.96999pt
* \textwidth=432.19756pt
* \textheight=612.87254pt
* \oddsidemargin=18.77873pt
* \evensidemargin=18.77873pt
* \topmargin=-18.22127pt
* \headheight=12.0pt
* \headsep=25.0pt
* \topskip=12.0pt
* \footskip=30.0pt
* \marginparwidth=95.0pt
* \marginparsep=10.0pt
* \columnsep=10.0pt
* \skip\footins=10.8pt plus 4.0pt minus 2.0pt
* \hoffset=0.0pt
* \voffset=0.0pt
* \mag=1000
* \@twocolumnfalse
* \@twosidetrue
* \@mparswitchtrue
* \@reversemarginfalse
* (1in=72.27pt=25.4mm, 1cm=28.453pt)

(./chapters/cover.tex <images/unam.pdf, id=4, 822.27202pt x 924.25299pt>
File: images/unam.pdf Graphic file (type pdf)

<use images/unam.pdf>
Package pdftex.def Info: images/unam.pdf used on input line 46.
(pdftex.def)             Requested size: 79.65991pt x 82.50223pt.
 <images/ciencias.pdf, id=5, 359.74399pt x 411.136pt>
File: images/ciencias.pdf Graphic file (type pdf)

<use images/ciencias.pdf>
Package pdftex.def Info: images/ciencias.pdf used on input line 62.
(pdftex.def)             Requested size: 85.35774pt x 88.19803pt.
LaTeX Font Info:    Try loading font information for OT1+ztmcm on input line 64
.

(/usr/share/texlive/texmf-dist/tex/latex/psnfss/ot1ztmcm.fd
File: ot1ztmcm.fd 2000/01/03 Fontinst v1.801 font definitions for OT1/ztmcm.
)
LaTeX Font Info:    Try loading font information for OML+ztmcm on input line 64
.

(/usr/share/texlive/texmf-dist/tex/latex/psnfss/omlztmcm.fd
File: omlztmcm.fd 2000/01/03 Fontinst v1.801 font definitions for OML/ztmcm.
)
LaTeX Font Info:    Try loading font information for OMS+ztmcm on input line 64
.

(/usr/share/texlive/texmf-dist/tex/latex/psnfss/omsztmcm.fd
File: omsztmcm.fd 2000/01/03 Fontinst v1.801 font definitions for OMS/ztmcm.
)
LaTeX Font Info:    Try loading font information for OMX+ztmcm on input line 64
.

(/usr/share/texlive/texmf-dist/tex/latex/psnfss/omxztmcm.fd
File: omxztmcm.fd 2000/01/03 Fontinst v1.801 font definitions for OMX/ztmcm.
)
LaTeX Font Info:    Font shape `OT1/ptm/bx/n' in size <12> not available
(Font)              Font shape `OT1/ptm/b/n' tried instead on input line 64.
LaTeX Font Info:    Font shape `OT1/ptm/bx/n' in size <9> not available
(Font)              Font shape `OT1/ptm/b/n' tried instead on input line 64.
LaTeX Font Info:    Font shape `OT1/ptm/bx/n' in size <7> not available
(Font)              Font shape `OT1/ptm/b/n' tried instead on input line 64.

Overfull \vbox (324.96402pt too high) detected at line 64
 []


Overfull \vbox (317.60455pt too high) detected at line 136
 []

) [1

{/var/lib/texmf/fonts/map/pdftex/updmap/pdftex.map} <./images/unam.pdf> <./imag
es/ciencias.pdf

pdfTeX warning: pdflatex (file ./images/ciencias.pdf): PDF inclusion: multiple 
pdfs with page group included in a single page
>]
LaTeX Font Info:    Font shape `OT1/ptm/bx/n' in size <14.4> not available
(Font)              Font shape `OT1/ptm/b/n' tried instead on input line 108.
LaTeX Font Info:    Font shape `OT1/ptm/bx/n' in size <10.95> not available
(Font)              Font shape `OT1/ptm/b/n' tried instead on input line 108.
LaTeX Font Info:    Font shape `OT1/ptm/bx/n' in size <8> not available
(Font)              Font shape `OT1/ptm/b/n' tried instead on input line 108.


LaTeX Warning: No \author given.

pdfTeX warning (ext4): destination with the same identifier (name{page.1}) has 
been already used, duplicate ignored
<to be read again> 
                   \relax 
l.108 
       [1] (./chapters/presentation.tex
LaTeX Font Info:    Font shape `OT1/ptm/bx/n' in size <24.88> not available
(Font)              Font shape `OT1/ptm/b/n' tried instead on input line 25.

Underfull \hbox (badness 10000) in paragraph at lines 26--42
\OT1/ptm/m/n/12 desem-pe[]no con-tem-pla-das en la teor[]^^Pa. 
 []

[1

] [2]
LaTeX Font Info:    Try loading font information for T2A+ptm on input line 93.
LaTeX Font Info:    No file T2Aptm.fd. on input line 93.


LaTeX Font Warning: Font shape `T2A/ptm/m/n' undefined
(Font)              using `T2A/cmr/m/n' instead on input line 93.

LaTeX Info: Redefining \. on input line 94.
LaTeX Info: Redefining \% on input line 94.
LaTeX Info: Redefining \. on input line 96.
LaTeX Info: Redefining \% on input line 96.
LaTeX Info: Redefining \. on input line 98.
LaTeX Info: Redefining \% on input line 98.

Underfull \hbox (badness 10000) in paragraph at lines 54--99
\OT1/ptm/m/n/12 de con-se-jos a trav[]es de su ex-pe-rien-cia. 
 []


Underfull \hbox (badness 10000) in paragraph at lines 54--99
\OT1/ptm/m/n/12 es-cri-to. 
 []


Underfull \hbox (badness 10000) in paragraph at lines 54--99
\OT1/ptm/m/n/12 tu-ve s[]oli-das ba-ses pro-fe-sio-na-les. 
 []


Underfull \hbox (badness 10000) in paragraph at lines 54--99
\OT1/ptm/m/n/12 bo-ral. 
 []


Underfull \hbox (badness 10000) in paragraph at lines 54--99
\OT1/ptm/m/n/12 desen-vol-ve-mos. 
 []


Underfull \hbox (badness 10000) in paragraph at lines 54--99
\OT1/ptm/m/n/12 fir-me y fruct[]^^Pfe-ra amis-tad. 
 []


Underfull \hbox (badness 10000) in paragraph at lines 54--99
\OT1/ptm/m/n/12 tras dis-ci-pli-nas son dis-tin-tas. 
 []


Underfull \hbox (badness 10000) in paragraph at lines 54--99
\OT1/ptm/m/n/12 me ex-pre-sa-ban su ca-ri[]no y est[]^^Pmu-los. 
 []


Underfull \hbox (badness 10000) in paragraph at lines 54--99
\OT1/ptm/m/n/12 que es-ca-sos, han si-do mo-ti-vo de lu-cha y per-sis-ten-cia. 

 []


Underfull \hbox (badness 10000) in paragraph at lines 54--99
\OT1/ptm/m/n/12 sen-tir apre-cio por una per-so-na. 
 []


Underfull \hbox (badness 10000) in paragraph at lines 54--99
\T2A/ptm/m/n/12  -- - -. [][][][] 
 []


Underfull \hbox (badness 10000) in paragraph at lines 54--99
[]\OT1/ptm/m/n/12 A Lyud-mi-la Tols-ta-ya,[][][][] []\T2A/ptm/m/n/12  - 
-,  -  -. [][][][] 
 []

[3

] [4]
LaTeX Font Info:    Try loading font information for U+ding on input line 119.
 (/usr/share/texlive/texmf-dist/tex/latex/bbding/Uding.fd
File: Uding.fd 1996/02/01 v1.0 BBding font definitions
)

LaTeX Font Warning: Font shape `U/ding/bx/n' undefined
(Font)              using `U/ding/m/n' instead on input line 119.

LaTeX Font Info:    Font shape `OT1/ptm/bx/it' in size <12> not available
(Font)              Font shape `OT1/ptm/b/it' tried instead on input line 131.

LaTeX Font Warning: Font shape `U/ding/bx/it' undefined
(Font)              using `U/ding/bx/n' instead on input line 131.

[5

] [6]
LaTeX Info: Redefining \. on input line 139.
LaTeX Info: Redefining \% on input line 139.
LaTeX Info: Redefining \. on input line 139.
LaTeX Info: Redefining \% on input line 139.
LaTeX Info: Redefining \. on input line 139.
LaTeX Info: Redefining \% on input line 139.
) (./tesis.toc
LaTeX Info: Redefining \. on input line 1.
LaTeX Info: Redefining \% on input line 1.
LaTeX Info: Redefining \. on input line 3.
LaTeX Info: Redefining \% on input line 3.
LaTeX Info: Redefining \. on input line 5.
LaTeX Info: Redefining \% on input line 5.
LaTeX Info: Redefining \. on input line 7.
LaTeX Info: Redefining \% on input line 7.
LaTeX Info: Redefining \. on input line 9.
LaTeX Info: Redefining \% on input line 9.
LaTeX Info: Redefining \. on input line 11.
LaTeX Info: Redefining \% on input line 11.
LaTeX Info: Redefining \. on input line 13.
LaTeX Info: Redefining \% on input line 13.
)
\tf@toc=\write6
\openout6 = `tesis.toc'.

 (./chapters/chapter1.tex [0

]

Package Fancyhdr Warning: \headheight is too small (12.0pt): 
 Make it at least 14.49998pt.
 We now make it that large for the rest of the document.
 This may cause the page layout to be inconsistent, however.

pdfTeX warning (ext4): destination with the same identifier (name{page.1}) has 
been already used, duplicate ignored
<to be read again> 
                   \relax 
l.33 \chapter
             {Introduccin} [1]
Cap\'{\i }tulo 1.

Underfull \hbox (badness 10000) in paragraph at lines 34--49
\OT1/ptm/m/n/12 es-te tra-ba-jo nom-bra-do \OT1/ptm/b/n/12 M.O.E.A. Soft-wa-re\
OT1/ptm/m/n/12 . 
 []


Underfull \hbox (badness 10000) in paragraph at lines 34--49
\OT1/ptm/m/n/12 con-for-man tan-to a es-te do-cu-men-to co-mo al pro-duc-to de 
soft-wa-re. 
 []


Underfull \hbox (badness 10000) in paragraph at lines 62--73
\OT1/ptm/m/n/12 su es-truc-tu-ra. 
 []


Underfull \hbox (badness 10000) in paragraph at lines 62--73
\OT1/ptm/m/n/12 Lo an-te-rior se en-cuen-tra orien-ta-do ha-cia una pers-pec-ti
-va t[]ecni-ca. 
 []

[2

]
Underfull \hbox (badness 10000) in paragraph at lines 81--98
\OT1/ptm/m/n/12 ci[]on por par-te del lec-tor. 
 []


Underfull \hbox (badness 10000) in paragraph at lines 81--98
\OT1/ptm/m/n/12 es-tu-diar adi-cio-nal-men-te. 
 []


Underfull \hbox (badness 10000) in paragraph at lines 81--98
\OT1/ptm/m/n/12 El pro-ce-di-mien-to es si-mi-lar pa-ra con las m[]etri-cas de 
desem-pe[]no. 
 []


Underfull \hbox (badness 10000) in paragraph at lines 81--98
\OT1/ptm/m/n/12 dien-te-men-te de su cu-rio-si-dad te[]ori-ca o pr[]acti-ca. 
 []


Underfull \hbox (badness 10000) in paragraph at lines 107--164
\OT1/ptm/m/n/12 lo-ca-li-za-ra en otras sec-cio-nes. 
 []


Underfull \hbox (badness 10000) in paragraph at lines 107--164
\OT1/ptm/m/n/12 y el de-ta-lle de sus fun-cio-na-li-da-des. 
 []


Underfull \hbox (badness 10000) in paragraph at lines 107--164
\OT1/ptm/m/n/12 cap[]^^Ptu-los adi-cio-na-les, la Bi-blio-graf[]^^Pa y el Ap[]e
ndi-ce. 
 []


Underfull \hbox (badness 10000) in paragraph at lines 107--164
\OT1/ptm/m/n/12 tu-dio prin-ci-pal de es-te tra-ba-jo de te-sis. 
 []


Underfull \hbox (badness 10000) in paragraph at lines 107--164
\OT1/ptm/m/n/12 as[]^^P con-ver-ger apro-pia-da-men-te al te-ma en cues-ti[]on.
 
 []


Underfull \hbox (badness 10000) in paragraph at lines 107--164
\OT1/ptm/m/n/12 una in-tro-duc-ci[]on al uso del pro-duc-to de soft-wa-re. 
 []


Underfull \hbox (badness 10000) in paragraph at lines 107--164
\OT1/ptm/m/n/12 Cap[]^^Ptu-lo 3. 
 []


Underfull \hbox (badness 10000) in paragraph at lines 107--164
\OT1/ptm/m/n/12 electr[]oni-cos. 
 []


Underfull \hbox (badness 10000) in paragraph at lines 107--164
\OT1/ptm/m/n/12 su-cin-tas es re-co-men-da-ble que se re-vi-se el Ma-nual T[]ec
ni-co. 
 []


Underfull \hbox (badness 10000) in paragraph at lines 107--164
\OT1/ptm/m/n/12 pren-der m[]as a pro-fun-di-dad las ex-pli-ca-cio-nes pro-pi-ci
a-das. 
 []

LaTeX Info: Redefining \. on input line 164.
LaTeX Info: Redefining \% on input line 164.
[3]) (./chapters/chapter2.tex [4]
Cap\'{\i }tulo 2.

Underfull \hbox (badness 10000) in paragraph at lines 33--39
\OT1/ptm/m/n/12 M.O.E.A. en el si-guien-te epi-so-dio. 
 []

LaTeX Font Info:    Font shape `OT1/ptm/bx/n' in size <17.28> not available
(Font)              Font shape `OT1/ptm/b/n' tried instead on input line 43.
LaTeX Font Info:    Font shape `OT1/ptm/bx/n' in size <10> not available
(Font)              Font shape `OT1/ptm/b/n' tried instead on input line 46.
LaTeX Font Info:    Font shape `OT1/ptm/bx/n' in size <7.4> not available
(Font)              Font shape `OT1/ptm/b/n' tried instead on input line 46.
LaTeX Font Info:    Font shape `OT1/ptm/bx/n' in size <6> not available
(Font)              Font shape `OT1/ptm/b/n' tried instead on input line 46.
<images/c21.jpg, id=132, 604.2575pt x 440.64626pt>
File: images/c21.jpg Graphic file (type jpg)
 <use images/c21.jpg>
Package pdftex.def Info: images/c21.jpg used on input line 80.
(pdftex.def)             Requested size: 364.1985pt x 230.46866pt.

<images/c22.png, id=135, 803.0pt x 373.395pt>
File: images/c22.png Graphic file (type png)
 <use images/c22.png>
Package pdftex.def Info: images/c22.png used on input line 119.
(pdftex.def)             Requested size: 384.12457pt x 224.77371pt.

<images/c23.png, id=141, 803.0pt x 632.3625pt>
File: images/c23.png Graphic file (type png)
 <use images/c23.png>
Package pdftex.def Info: images/c23.png used on input line 156.
(pdftex.def)             Requested size: 369.89911pt x 230.46785pt.

Underfull \hbox (badness 10000) in paragraph at lines 44--171
\OT1/ptm/m/n/12 mar la si-guien-te fra-se que en-glo-ba to-do el pro-ce-di-mien
-to: 
 []


Underfull \hbox (badness 10000) in paragraph at lines 44--171
\OT1/ptm/m/it/12 de las for-mas me-nos per-fec-cio-na-das''\OT1/ptm/m/n/12 . 
 []


Underfull \hbox (badness 10000) in paragraph at lines 44--171
\OT1/ptm/m/n/12 re-que-ri-das. 
 []


Underfull \hbox (badness 10000) in paragraph at lines 44--171
\OT1/ptm/m/n/12 Gen[]eti-cos y las Es-tra-te-gias Evo-lu-ti-vas res-pec-ti-va-m
en-te. 
 []


Underfull \hbox (badness 10000) in paragraph at lines 44--171
\OT1/ptm/m/n/12 ce-di-mien-to biol[]ogi-co y por en-de de ob-ten-ci[]on de re-s
ul-ta-dos. 
 []


Underfull \hbox (badness 10000) in paragraph at lines 44--171
\OT1/ptm/m/n/12 vos. 
 []


Underfull \hbox (badness 10000) in paragraph at lines 44--171
\OT1/ptm/m/n/12 bre-ve des-crip-ci[]on: 
 []


Underfull \hbox (badness 10000) in paragraph at lines 44--171
\OT1/ptm/m/n/12 se acer-quen tan-to a la me-ta ideal co-mo otros. 
 []


Underfull \hbox (badness 10000) in paragraph at lines 44--171
\OT1/ptm/m/n/12 bas pa-la-bras tendr[]an acep-cio-nes dis-tin-tas. 
 []


Underfull \hbox (badness 10000) in paragraph at lines 44--171
\OT1/ptm/m/n/12 fac-tor co-no-ci-do co-mo [][][]\OT1/ptm/b/n/12 ap-ti-tud[][][]
\OT1/ptm/m/n/12 . 
 []


Underfull \hbox (badness 10000) in paragraph at lines 44--171
\OT1/ptm/m/n/12 men-cion[]o al prin-ci-pio, se acer-quen m[]as a la so-lu-ci[]o
n id[]onea. 
 []


Underfull \hbox (badness 10000) in paragraph at lines 44--171
\OT1/ptm/m/it/12 ci[]on\OT1/ptm/m/n/12 . 
 []


Underfull \hbox (badness 10000) in paragraph at lines 44--171
\OT1/ptm/m/n/12 co-mo un re-qui-si-to alu-si-vo a la ap-ti-tud. 
 []


Underfull \hbox (badness 10000) in paragraph at lines 44--171
\OT1/ptm/m/n/12 un in-di-vi-duo, as[]^^P co-mo al-gu-nos fac-to-res que gi-ran 
en torno a []este: 
 []


Underfull \hbox (badness 10000) in paragraph at lines 44--171
\OT1/ptm/m/n/12 co-sa que el con-jun-to de dos o m[]as in-di-vi-duos. 
 []

[5

] [6 <./images/c21.jpg>]
LaTeX Info: Redefining \. on input line 171.
LaTeX Info: Redefining \% on input line 171.
 [7 <./images/c22.png>] [8 <./images/c23.png>]
Underfull \hbox (badness 10000) in paragraph at lines 206--215
[]\OT1/ptm/m/n/12 Ofrece ele-men-tos pa-ra ela-bo-rar una co-di-fi-ca-ci[]on ad
e-cua-da. 
 []


Underfull \hbox (badness 10000) in paragraph at lines 206--215
\OT1/ptm/m/n/12 ca-be men-cio-nar que el cro-mo-so-ma ser[]a por-ta-do por los 
in-di-vi-duos. 
 []


Underfull \hbox (badness 10000) in paragraph at lines 206--215
\OT1/ptm/m/n/12 cio-nan con cro-mo-so-mas. 
 []


Underfull \hbox (badness 4378) in paragraph at lines 221--230
\OT1/ptm/m/n/12 ma-yor fit-ness, ma-yor es la pro-ba-li-dad de que es-te sea la
 so-lu-ci[]on op-ti-ma. 
 []


Underfull \hbox (badness 10000) in paragraph at lines 221--230
\OT1/ptm/m/n/12 duo est[]a ba-sa-do com[]unmen-te en su fit-ness. 
 []


Underfull \hbox (badness 10000) in paragraph at lines 221--230
 
 []


Underfull \hbox (badness 10000) in paragraph at lines 231--239
\OT1/ptm/m/n/12 ($\OML/ztmcm/m/it/12 F[]$\OT1/ptm/m/n/12 ) por el Ran-keo, del 
cual se ha-blar[]a en el si-guien-te cap[]^^Ptu-lo. 
 []


Underfull \hbox (badness 10000) in paragraph at lines 244--247
[]\OT1/ptm/m/n/12 El fit-ness est[]a da-do por la si-guien-te fun-ci[]on: 
 []

LaTeX Info: Redefining \. on input line 252.
LaTeX Info: Redefining \% on input line 252.
[9]
Underfull \hbox (badness 10000) in paragraph at lines 261--271
\OT1/ptm/m/n/12 da-men-to la po-si-ci[]on que ocu-pa el in-di-vi-duo den-tro de
 la po-bla-ci[]on. 
 []


Underfull \hbox (badness 4229) in paragraph at lines 261--271
\OT1/ptm/m/n/12 M[]as en es-pec[]^^Pfi-co, el fit-ness est[]a pro-por-cio-na-do
 por la si-guien-te f[]ormu-la: 
 []


Underfull \hbox (badness 4254) in paragraph at lines 284--291
\OT1/ptm/b/n/12 es una fun-ci[]on no li-neal, de ah[]^^P el nom-bre)\OT1/ptm/m/
n/12 . La f[]ormu-la es la si-guien-te: 
 []


Underfull \hbox (badness 10000) in paragraph at lines 309--325
\OT1/ptm/m/n/12 gen[]eti-ca. 
 []

[10]
Underfull \hbox (badness 10000) in paragraph at lines 329--345
[]\OT1/ptm/m/n/12 Tambi[]en es lla-ma-do Se-lec-ci[]on Pro-por-cio-nal. 
 []


Underfull \hbox (badness 10000) in paragraph at lines 329--345
\OT1/ptm/m/n/12 pa-ra que se eli-ja al ele-men-to. 
 []


Underfull \hbox (badness 1454) in paragraph at lines 329--345
\OT1/ptm/m/n/12 Para la pri-me-ra eta-pa se to-ma co-mo ba-se el Va-lor Es-pe-r
a-do de ca-da in-di-vi-duo. 
 []


Underfull \hbox (badness 10000) in paragraph at lines 329--345
\OT1/ptm/m/n/12 ta y por en-de su pro-ba-bi-li-dad de elec-ci[]on au-men-ta. 
 []


Underfull \hbox (badness 10000) in paragraph at lines 329--345
\OT1/ptm/m/n/12 que se ex-ce-da el va-lor alea-to-rio men-cio-na-do an-tes. 
 []


Underfull \hbox (badness 10000) in paragraph at lines 329--345
\OT1/ptm/m/n/12 se-lec-cio-na-do pa-ra la eta-pa de cru-za. 
 []


Underfull \hbox (badness 10000) in paragraph at lines 349--356
\OT1/ptm/m/n/12 di-rec-ta en-tre los in-di-vi-duos. 
 []


Underfull \hbox (badness 10000) in paragraph at lines 349--356
\OT1/ptm/m/n/12 de-ci-si[]on no de-pen-de to-tal-men-te del fac-tor an-tes men-
cio-na-do. 
 []


Underfull \hbox (badness 10000) in paragraph at lines 360--369
\OT1/ptm/m/n/12 an-te-rior en-fren-tar-lo con C y as[]^^P su-ce-si-va-men-te. 
 []


Underfull \hbox (badness 10000) in paragraph at lines 360--369
\OT1/ptm/m/n/12 ma-yor fit-ness. 
 []

LaTeX Info: Redefining \. on input line 369.
LaTeX Info: Redefining \% on input line 369.
[11]
Underfull \hbox (badness 2181) in paragraph at lines 395--404
\OT1/ptm/m/n/12 res-pec-to de los dem[]as bas[]ando-se en Poin-ter, bas-ta con 
co-rro-bo-rar que: 
 []


Overfull \hbox (29.3747pt too wide) in paragraph at lines 395--404
[] 
 []


Underfull \hbox (badness 10000) in paragraph at lines 416--428
\OT1/ptm/m/n/12 se lle-va a ca-bo la con-cep-ci[]on de nue-vos in-di-vi-duos. 
 []


Underfull \hbox (badness 1472) in paragraph at lines 416--428
\OT1/ptm/m/n/12 ci-dos por el usua-rio des-de un ini-cio bas[]ando-se en las so
-lu-cio-nes pre-de-ce-so-ras. 
 []


Underfull \hbox (badness 10000) in paragraph at lines 416--428
\OT1/ptm/m/n/12 pre de-ben ha-ber dos pa-dres y siem-pre de-be re-gre-sar dos h
i-jos. 
 []

[12]
Underfull \hbox (badness 10000) in paragraph at lines 432--445
\OT1/ptm/m/n/12 guien-te: 
 []


Underfull \hbox (badness 10000) in paragraph at lines 432--445
\OT1/ptm/m/n/12 blo-ques. 
 []


Underfull \hbox (badness 10000) in paragraph at lines 464--477
\OT1/ptm/m/n/12 en lo si-guien-te: 
 []


Underfull \hbox (badness 10000) in paragraph at lines 464--477
\OT1/ptm/m/n/12 lo-res de 0 a 1. En-ton-ces lo an-te-rior se pue-de de-cla-rar 
as[]^^P: 
 []

LaTeX Info: Redefining \. on input line 477.
LaTeX Info: Redefining \% on input line 477.
[13]
Underfull \hbox (badness 1199) in paragraph at lines 491--502
\OT1/ptm/m/n/12 dos los hi-jos, se mo-di-fi-can los ale-los de sus cro-mo-so-ma
s de ma-ne-ra in-di-vi-dual. 
 []


Underfull \hbox (badness 10000) in paragraph at lines 491--502
\OT1/ptm/m/n/12 en el pe-li-gro de per-der ca-rac-ter[]^^Psti-cas va-lio-sas en
 la po-bla-ci[]on. 
 []


Underfull \hbox (badness 10000) in paragraph at lines 491--502
\OT1/ptm/m/n/12 a la vez. 
 []

[14]
Underfull \hbox (badness 10000) in paragraph at lines 538--583
\OT1/ptm/m/n/12 es que se de-be ser cau-te-lo-so en la ad-qui-si-ci[]on de so-l
u-cio-nes. 
 []


Underfull \hbox (badness 10000) in paragraph at lines 538--583
\OT1/ptm/m/n/12 vec-tor de fun-cio-nes ob-je-ti-vo: 
 []


Underfull \hbox (badness 10000) in paragraph at lines 538--583
\OT1/ptm/m/n/12 Donde: 
 []


Underfull \hbox (badness 10000) in paragraph at lines 538--583
\OT1/ptm/m/n/12 Tal que: 
 []


Overfull \hbox (3.0pt too wide) in paragraph at lines 538--583
[]\OT1/ptm/m/n/12 . 
 []


Underfull \hbox (badness 10000) in paragraph at lines 538--583
\OT1/ptm/m/n/12 va-ria-bles de de-ci-si[]on de-be es-tar su-je-to a las res-tri
c-cio-nes: 
 []


Underfull \hbox (badness 10000) in paragraph at lines 538--583
\OT1/ptm/m/n/12 va-ria-bles de de-ci-si[]on. 
 []


Underfull \hbox (badness 10000) in paragraph at lines 538--583
\OT1/ptm/m/n/12 rea-li-za la sus-ti-tu-ci[]on: 
 []


Underfull \hbox (badness 10000) in paragraph at lines 538--583
\OT1/ptm/m/n/12 ya con-tem-pla es-te ti-po de ca-sos. 
 []

LaTeX Info: Redefining \. on input line 583.
LaTeX Info: Redefining \% on input line 583.
[15]
Underfull \hbox (badness 10000) in paragraph at lines 587--651
\OT1/ptm/m/n/12 otro y as[]^^P otor-gar la so-lu-ci[]on id[]onea. 
 []


Underfull \hbox (badness 10000) in paragraph at lines 587--651
\OT1/ptm/b/n/12 to\OT1/ptm/m/n/12 . 
 []


Underfull \hbox (badness 10000) in paragraph at lines 587--651
\OT1/ptm/m/n/12 sen-ti-do. 
 []


Underfull \hbox (badness 10000) in paragraph at lines 587--651
\OT1/ptm/m/it/12 do-mi-na-da por U si\OT1/ptm/m/n/12 : 
 []


Underfull \hbox (badness 10000) in paragraph at lines 587--651
\OT1/ptm/m/n/12 tra-par-te d[]ebil. 
 []


Underfull \hbox (badness 10000) in paragraph at lines 587--651
\OT1/ptm/b/n/12 re-to\OT1/ptm/m/n/12 . 
 []


Underfull \hbox (badness 10000) in paragraph at lines 587--651
\OT1/ptm/m/n/12 cum-ple con la si-guien-te con-di-ci[]on: 
 []


Underfull \hbox (badness 10000) in paragraph at lines 587--651
\OT1/ptm/m/n/12 de-ci-si[]on; co-mo con-se-cuen-cia se tie-ne que $\OML/ztmcm/m
/it/12 P[] \OMS/ztmcm/m/n/12 ^^R \OML/ztmcm/m/it/12 FS \OMS/ztmcm/m/n/12 ^^R \O
ML/ztmcm/m/it/12 IR[]$\OT1/ptm/m/n/12 . 
 []


Underfull \hbox (badness 10000) in paragraph at lines 587--651
\OT1/ptm/m/n/12 Ahora el Fren-te de Pa-re-to es el con-jun-to des-cri-to a con-
ti-nua-ci[]on: 
 []


Underfull \hbox (badness 10000) in paragraph at lines 587--651
\OT1/ptm/m/n/12 las fun-cio-nes ob-je-ti-vo. 
 []


Underfull \hbox (badness 10000) in paragraph at lines 587--651
\OT1/ptm/m/n/12 pec-to del es-pa-cio de fun-cio-nes ob-je-ti-vo. 
 []


Underfull \hbox (badness 10000) in paragraph at lines 587--651
\OT1/ptm/m/n/12 pa-ra en-con-trar el ya men-cio-na-do Fren-te de Pa-re-to. 
 []

[16]) (./chapters/chapter3.tex
LaTeX Info: Redefining \. on input line 22.
LaTeX Info: Redefining \% on input line 22.
 [17]
Cap\'{\i }tulo 3.
[18

]
Underfull \hbox (badness 10000) in paragraph at lines 72--88
\OT1/ptm/m/n/12 so. 
 []


Underfull \hbox (badness 10000) in paragraph at lines 72--88
\OT1/ptm/m/n/12 pa-ra la fun-ci[]on ob-je-ti-vo $\OML/ztmcm/m/it/12 i\OT1/ztmcm
/m/n/12 ;  \OML/ztmcm/m/it/12 i \OMS/ztmcm/m/n/12 6\OT1/ztmcm/m/n/12 = \OML/ztm
cm/m/it/12 j$\OT1/ptm/m/n/12 . 
 []


Underfull \hbox (badness 10000) in paragraph at lines 72--88
\OT1/ptm/m/n/12 con una ca-li-dad me-dia pa-ra to-das las fun-cio-nes ob-je-ti-
vo. 
 []

LaTeX Info: Redefining \. on input line 94.
LaTeX Info: Redefining \% on input line 94.
[19]
Overfull \hbox (16.83806pt too wide) in paragraph at lines 114--117
[]\OT1/ptm/m/n/12 Se desa-rro-lla la im-ple-men-ta-ci[]on de la t[]ecni-ca M.O.
E.A. co-no-ci-da co-mo S.P.E.A. II \OT1/ptm/b/n/12 (Strength 
 []

[20]
Underfull \hbox (badness 10000) in paragraph at lines 121--123
\OT1/ptm/m/it/12 MI-NA-DOS \OT1/ptm/m/n/12 de \OT1/ptm/m/it/12 E \OT1/ptm/m/n/1
2 en \OT1/ptm/m/it/12 S\OT1/ptm/m/n/12 . 
 []


Overfull \hbox (0.15681pt too wide) in paragraph at lines 127--128
[]\OT1/ptm/m/it/12 S \OT1/ptm/m/n/12 ser[]a la nue-va \OT1/ptm/m/it/12 E\OT1/pt
m/m/n/12 , adem[]as se crea la po-bla-ci[]on Hi-ja de la re-ci[]en crea-da \OT1
/ptm/m/it/12 E \OT1/ptm/b/n/12 (E-Child)\OT1/ptm/m/n/12 .  
 []


Underfull \hbox (badness 10000) in paragraph at lines 132--160
\OT1/ptm/m/n/12 di-vi-duos de to-das las ge-ne-ra-cio-nes. 
 []


Underfull \hbox (badness 7468) in paragraph at lines 132--160
\OT1/ptm/m/n/12 se tie-ne el res-pal-do de \OT1/ptm/m/it/12 E \OT1/ptm/m/n/12 p
a-ra una ge-ne-ra-ci[]on pos-te-rior pa-ra for-mar \OT1/ptm/m/it/12 S\OT1/ptm/m
/n/12 . 
 []


Underfull \hbox (badness 10000) in paragraph at lines 132--160
\OT1/ptm/m/n/12 ele-men-tos in-vo-lu-cra-dos. 
 []

LaTeX Info: Redefining \. on input line 165.
LaTeX Info: Redefining \% on input line 165.
[21]
Underfull \hbox (badness 10000) in paragraph at lines 170--174
\OT1/ptm/m/n/12 mi-nan-cia. 
 []


Underfull \hbox (badness 3668) in paragraph at lines 174--176
\OT1/ptm/m/n/12 Ran-king \OT1/ptm/b/n/12 (Gold-berg) \OT1/ptm/m/n/12 y pos-te-r
ior-men-te se les asig-na el Fit-ness. 
 []


Overfull \hbox (37.34615pt too wide) in paragraph at lines 174--176
\OT1/ptm/m/n/12 Con los va-lo-res an-te-rio-res se cal-cu-la el Ni-che Count \O
T1/ptm/b/n/12 (v[]ease Mo-del/SharingFunction) 
 []


Underfull \hbox (badness 10000) in paragraph at lines 181--200
\OT1/ptm/m/n/12 di-vi-duos en ni-ve-les pa-ra su pos-te-rior se-lec-ci[]on. 
 []


Underfull \hbox (badness 10000) in paragraph at lines 181--200
\OT1/ptm/m/n/12 Eli-tis-mo. 
 []


Underfull \hbox (badness 10000) in paragraph at lines 181--200
\OT1/ptm/m/n/12 dor pa-ra guiar apro-pia-da-men-te al usua-rio en el flu-jo del
 al-go-rit-mo. 
 []

[22]) (./chapters/chapter4.tex
LaTeX Info: Redefining \. on input line 21.
LaTeX Info: Redefining \% on input line 21.
 [23]
Cap\'{\i }tulo 4.

Overfull \hbox (12.90071pt too wide) in paragraph at lines 21--21
|\OT1/ptm/b/n/24.88 Experimentaci[]on y An[]ali-sis de Re-sul-ta-dos| 
 []

) (./chapters/chapter5.tex [24

]
Cap\'{\i }tulo 5.
) (./chapters/bibliography.tex [25

]
Underfull \hbox (badness 10000) in paragraph at lines 61--63
[]\OT1/ptm/m/n/12 Verhoef, Her-man A. \OT1/ptm/m/it/12 Com-mu-nity Eco-logy\OT1
/ptm/m/n/12 . March, 2015. 
 []


Underfull \hbox (badness 4569) in paragraph at lines 66--68
[]\OT1/ptm/m/n/12 Kalyanmoy Deb. \OT1/ptm/m/it/12 Soft-wa-re for Multi-Objectiv
e NSGA-II Co-de in C\OT1/ptm/m/n/12 . 
 []


Underfull \hbox (badness 3098) in paragraph at lines 71--74
[]\OT1/ptm/m/n/12 Gartner Inc. \OT1/ptm/m/it/12 Win-dows Co-mes Up Third in OS 
Clash Two Years Early\OT1/ptm/m/n/12 . 
 []

) (./chapters/appendix.tex [26

]
Underfull \hbox (badness 10000) in paragraph at lines 37--65
\OT1/ptm/m/n/12 pro-gra-ma. 
 []


Underfull \hbox (badness 10000) in paragraph at lines 37--65
\OT1/ptm/m/n/12 to. 
 []


Underfull \hbox (badness 10000) in paragraph at lines 37--65
\OT1/ptm/m/n/12 pos po-si-ble. 
 []


Underfull \hbox (badness 10000) in paragraph at lines 37--65
\OT1/ptm/m/n/12 eri-gir el pro-duc-to de soft-wa-re . 
 []


Underfull \hbox (badness 10000) in paragraph at lines 37--65
\OT1/ptm/m/n/12 en-la-zar ade-cua-da-men-te lo es-ti-pu-la-do en es-te me-dio c
on aqu[]el. 
 []


Underfull \hbox (badness 2486) in paragraph at lines 70--82
[]\OT1/ptm/m/n/12 En es-ta par-te se con-si-de-ra to-do lo re-la-cio-na-do con 
la ar-qui-tec-tu-ra de di-se[]no. 
 []


Underfull \hbox (badness 10000) in paragraph at lines 70--82
\OT1/ptm/m/n/12 par-tes co-di-fi-ca-das. 
 []


Overfull \hbox (11.88205pt too wide) in paragraph at lines 70--82
\OT1/ptm/m/n/12 Para es-te pro-yec-to se ha ele-gi-do la ar-qui-tec-tu-ra de-no
-mi-na-da MVC \OT1/ptm/b/n/12 (Model-View-Controller 
 []


Underfull \hbox (badness 10000) in paragraph at lines 70--82
[]\OT1/ptm/b/n/12 o Modelo-Vista-Controlador)\OT1/ptm/m/n/12 . 
 []

[27

]
Overfull \hbox (6.75648pt too wide) in paragraph at lines 84--87
[]\OT1/ptm/b/n/12 Model ([]o Mo-de-lo)\OT1/ptm/m/n/12 , se al-ma-ce-nan to-dos 
los ele-men-tos que rea-li-zan el pro-ce-so anal[]^^Pti- 
 []


Underfull \hbox (badness 4967) in paragraph at lines 129--150
\OT1/ptm/m/n/12 bo-ra-do usan-do el len-gua-je de pro-gra-ma-ci[]on Pyt-hon en 
su ver-si[]on 2.7.3. [][] 
 []


Underfull \hbox (badness 10000) in paragraph at lines 129--150
[]\OT1/ptm/b/n/12 (http://www.python.org)[][][] 
 []


Underfull \hbox (badness 10000) in paragraph at lines 129--150
\OT1/ptm/m/n/12 ta-ci[]on por par-te del usua-rio. 
 []


Underfull \hbox (badness 10000) in paragraph at lines 129--150
\OT1/ptm/m/n/12 de te-sis. 
 []

LaTeX Info: Redefining \. on input line 150.
LaTeX Info: Redefining \% on input line 150.
[28]
Underfull \hbox (badness 10000) in paragraph at lines 151--152
[]\OT1/ptm/b/n/12 DEAP, Dis-tri-bu-ted Evo-lu-tio-nary Al-go-rithms in Pyt-hon 

 []


Underfull \hbox (badness 10000) in paragraph at lines 152--153
[]\OT1/ptm/b/n/12 PyGMO, Pyt-hon Pa-ra-llel Glo-bal Mul-ti-ob-jec-ti-ve Op-ti-m
i-zer 
 []


Underfull \hbox (badness 10000) in paragraph at lines 153--154
[]\OT1/ptm/b/n/12 jMetal, Me-taheu-ris-tic Al-go-rithms in Ja-va 
 []


Underfull \hbox (badness 10000) in paragraph at lines 158--205
\OT1/ptm/m/n/12 mer te-ma. 
 []


Underfull \hbox (badness 10000) in paragraph at lines 158--205
\OT1/ptm/m/n/12 por lo que en ese sen-ti-do su ex-ten-si[]on se en-cuen-tra li-
mi-ta-da. 
 []


Underfull \hbox (badness 10000) in paragraph at lines 158--205
\OT1/ptm/m/n/12 sin-ta-xis m[]as sim-ple. 
 []


Underfull \hbox (badness 10000) in paragraph at lines 158--205
\OT1/ptm/m/n/12 son tan-to los eje-cu-ta-bles co-mo el c[]odi-go fuen-te. 
 []


Overfull \hbox (30.20566pt too wide) in paragraph at lines 158--205
\OT1/ptm/m/n/12 Para los eje-cu-ta-bles se ha de-ter-mi-na-do en-fo-car-se en s
is-te-mas ope-ra-ti-vos Win-dows y GNU/Linux 
 []

LaTeX Info: Redefining \. on input line 205.
LaTeX Info: Redefining \% on input line 205.
[29]
Underfull \hbox (badness 10000) in paragraph at lines 214--257
\OT1/ptm/m/n/12 vo em-plea-do. 
 []


Underfull \hbox (badness 10000) in paragraph at lines 214--257
\OT1/ptm/m/n/12 son ad-mi-si-bles en sis-te-mas de 64 bits, no as[]^^P el ca-so
 con-tra-rio. 
 []


Underfull \hbox (badness 10000) in paragraph at lines 214--257
\OT1/ptm/m/n/12 bre es-tas con-di-cio-nes. 
 []


Underfull \hbox (badness 1348) in paragraph at lines 214--257
\OT1/ptm/m/n/12 de-ben ins-ta-lar los pa-que-tes que per-mi-tan la eje-cu-ci[]o
n de pro-gra-mas de 32 bits. 
 []


Underfull \hbox (badness 6708) in paragraph at lines 214--257
\OT1/ptm/m/n/12 es-te pro-yec-to se ha uti-li-za-do la he-rra-mien-ta \OT1/ptm/
b/n/12 PyIns-ta-ller (ver-si[]on 3.2) [][] 
 []


Underfull \hbox (badness 10000) in paragraph at lines 214--257
[]\OT1/ptm/b/n/12 (http://www.pyinstaller.org)[][][]\OT1/ptm/m/n/12 . 
 []


Underfull \hbox (badness 10000) in paragraph at lines 214--257
\OT1/ptm/m/n/12 eje-cu-ta-ble. 
 []


Underfull \hbox (badness 10000) in paragraph at lines 214--257
\OT1/ptm/m/n/12 in-de-pen-dien-te. 
 []


Underfull \hbox (badness 4132) in paragraph at lines 214--257
\OT1/ptm/m/n/12 cu-ta-do en cual-quier sis-te-ma si se cuen-ta con las de-pen-d
en-cias ade-cua-das. 
 []


Underfull \hbox (badness 10000) in paragraph at lines 214--257
\OT1/ptm/m/n/12 de-pen-den-cia po-si-ble del pro-duc-to de soft-wa-re. 
 []

LaTeX Info: Redefining \. on input line 257.
LaTeX Info: Redefining \% on input line 257.
[30]
Underfull \hbox (badness 10000) in paragraph at lines 259--260
[]\OT1/ptm/b/n/12 Tkinter\OT1/ptm/m/n/12 , ver-si[]on 8.5  
 []


Underfull \hbox (badness 10000) in paragraph at lines 263--274
\OT1/ptm/m/n/12 fac-to-rios. 
 []


Underfull \hbox (badness 10000) in paragraph at lines 263--274
\OT1/ptm/m/n/12 rres-pon-de al usua-rio ins-ta-lar-las en su sis-te-ma ope-ra-t
i-vo. 
 []


Underfull \hbox (badness 10000) in paragraph at lines 263--274
\OT1/ptm/m/n/12 nos vir-tua-les con la ayu-da de la he-rra-mien-ta \OT1/ptm/b/n
/12 Vir-tual-Box  
 []


Underfull \hbox (badness 10000) in paragraph at lines 263--274
[][][]\OT1/ptm/b/n/12 (https://www.virtualbox.org/)[][][] 
 []


Underfull \hbox (badness 10000) in paragraph at lines 280--301
\OT1/ptm/m/n/12 los en-tor-nos prin-ci-pa-les Win-dows y GNU/Linux. 
 []


Underfull \hbox (badness 10000) in paragraph at lines 280--301
\OT1/ptm/m/n/12 mas con los mis-mos o ma-yo-res re-cur-sos. 
 []


Underfull \hbox (badness 10000) in paragraph at lines 280--301
\OT1/ptm/m/n/12 no se con-si-de-ra im-por-tan-te pro-fun-di-zar m[]as en sus ca
-rac-ter[]^^Psti-cas. 
 []

LaTeX Info: Redefining \. on input line 301.
LaTeX Info: Redefining \% on input line 301.
[31])
Package atveryend Info: Empty hook `BeforeClearDocument' on input line 174.
LaTeX Info: Redefining \. on input line 174.
LaTeX Info: Redefining \% on input line 174.
 [32]
Package atveryend Info: Empty hook `AfterLastShipout' on input line 174.
 (./tesis.aux
LaTeX Info: Redefining \. on input line 24.
LaTeX Info: Redefining \% on input line 24.
LaTeX Info: Redefining \. on input line 32.
LaTeX Info: Redefining \% on input line 32.
LaTeX Info: Redefining \. on input line 40.
LaTeX Info: Redefining \% on input line 40.
LaTeX Info: Redefining \. on input line 48.
LaTeX Info: Redefining \% on input line 48.
LaTeX Info: Redefining \. on input line 56.
LaTeX Info: Redefining \% on input line 56.
LaTeX Info: Redefining \. on input line 64.
LaTeX Info: Redefining \% on input line 64.
LaTeX Info: Redefining \. on input line 72.
LaTeX Info: Redefining \% on input line 72.
)
Package atveryend Info: Executing hook `AtVeryEndDocument' on input line 174.
Package atveryend Info: Executing hook `AtEndAfterFileList' on input line 174.
Package rerunfilecheck Info: File `tesis.out' has not changed.
(rerunfilecheck)             Checksum: D41D8CD98F00B204E9800998ECF8427E;0.


LaTeX Font Warning: Some font shapes were not available, defaults substituted.


LaTeX Warning: There were multiply-defined labels.

Package atveryend Info: Empty hook `AtVeryVeryEnd' on input line 174.
 ) 
Here is how much of TeX's memory you used:
 11649 strings out of 493485
 167466 string characters out of 3143526
 278697 words of memory out of 3000000
 14491 multiletter control sequences out of 15000+200000
 67707 words of font info for 144 fonts, out of 3000000 for 9000
 957 hyphenation exceptions out of 8191
 67i,13n,100p,494b,619s stack positions out of 5000i,500n,10000p,200000b,50000s
pdfTeX warning (dest): name{Hfootnote.4} has been referenced but does not exi
st, replaced by a fixed one

pdfTeX warning (dest): name{Hfootnote.3} has been referenced but does not exist
, replaced by a fixed one

pdfTeX warning (dest): name{Hfootnote.2} has been referenced but does not exist
, replaced by a fixed one

pdfTeX warning (dest): name{Hfootnote.1} has been referenced but does not exist
, replaced by a fixed one

{/usr/share/texlive/texmf-dist/fonts/enc/dvips/base/8r.enc} </home/drakon/.texm
f-var/fonts/pk/ljfour/public/bbding/bbding10.720pk>{/usr/share/texmf/fonts/enc/
dvips/cm-super/cm-super-t2a.enc}</usr/share/texlive/texmf-dist/fonts/type1/publ
ic/amsfonts/cm/cmmi10.pfb></usr/share/texlive/texmf-dist/fonts/type1/public/ams
fonts/cm/cmr10.pfb></usr/share/texlive/texmf-dist/fonts/type1/public/amsfonts/c
m/cmsy10.pfb></usr/share/texlive/texmf-dist/fonts/type1/public/amsfonts/symbols
/msam10.pfb></usr/share/texmf/fonts/type1/public/cm-super/sfrm1200.pfb></usr/sh
are/texlive/texmf-dist/fonts/type1/urw/symbol/usyr.pfb></usr/share/texlive/texm
f-dist/fonts/type1/urw/times/utmb8a.pfb></usr/share/texlive/texmf-dist/fonts/ty
pe1/urw/times/utmbi8a.pfb></usr/share/texlive/texmf-dist/fonts/type1/urw/times/
utmr8a.pfb></usr/share/texlive/texmf-dist/fonts/type1/urw/times/utmri8a.pfb>
Output written on tesis.pdf (41 pages, 401012 bytes).
PDF statistics:
 437 PDF objects out of 1000 (max. 8388607)
 372 compressed objects within 4 object streams
 147 named destinations out of 1000 (max. 500000)
 26 words of extra memory for PDF output out of 10000 (max. 10000000)

